<?xml version="1.0" encoding="utf-8"?><testsuite errors="0" failures="2" name="pytest" skips="0" tests="253" time="26.937"><testcase classname="parsyfiles.tests.combining_parsers_converters.test_default_instance" file="parsyfiles/tests/combining_parsers_converters/test_default_instance.py" line="50" name="test_copy" time="0.03534078598022461"></testcase><testcase classname="parsyfiles.tests.combining_parsers_converters.test_default_instance" file="parsyfiles/tests/combining_parsers_converters/test_default_instance.py" line="55" name="test_deep_copy" time="0.03409314155578613"></testcase><testcase classname="parsyfiles.tests.combining_parsers_converters.test_default_instance" file="parsyfiles/tests/combining_parsers_converters/test_default_instance.py" line="60" name="test_get_all_parsers" time="0.07024812698364258"><system-out>
127 Root parser parsers:
[$&lt;read_config&gt; =&gt; &lt;config_to_dict_of_dict&gt; -&gt; &lt;dict_to_object&gt;$,
 $&lt;read_config&gt; =&gt; &lt;config_to_dict_of_dict&gt; -&gt; &lt;dict_of_dict_to_object&gt;$,
 $&lt;read_config&gt; =&gt; &lt;merge_all_config_sections_into_a_single_dict&gt; -&gt; &lt;dict_to_object&gt;$,
 $&lt;read_dataframe_from_xls&gt; =&gt; &lt;single_row_or_col_df_to_dict&gt; -&gt; &lt;dict_to_object&gt;$,
 $&lt;read_df_or_series_from_csv&gt; =&gt; &lt;single_row_or_col_df_to_dict&gt; -&gt; &lt;dict_to_object&gt;$,
 $&lt;read_str_from_txt&gt; =&gt; &lt;base64_ascii_str_pickle_to_object&gt;$,
 $&lt;read_collection_from_yaml&gt; =&gt; &lt;dict_to_object&gt;$,
 $&lt;read_str_from_txt&gt; =&gt; &lt;constructor_with_str_arg&gt;$,
 $&lt;read_dict_or_list_from_json&gt; =&gt; &lt;dict_to_object&gt;$,
 $&lt;read_dict_from_properties&gt; =&gt; &lt;dict_to_object&gt;$,
 &lt;read_object_from_pickle&gt;,
 Multifile Object parser (parsyfiles defaults),
 &lt;read_object_from_yaml&gt;,
 $&lt;read_object_from_pickle&gt; =&gt; &lt;config_to_dict_of_dict&gt; -&gt; &lt;dict_to_df&gt; -&gt; &lt;single_row_or_col_df_to_series&gt;$,
 $&lt;read_object_from_pickle&gt; =&gt; &lt;merge_all_config_sections_into_a_single_dict&gt; -&gt; &lt;dict_to_df&gt; -&gt; &lt;single_row_or_col_df_to_series&gt;$,
 $Multifile Object parser (parsyfiles defaults) =&gt; &lt;config_to_dict_of_dict&gt; -&gt; &lt;dict_to_df&gt; -&gt; &lt;single_row_or_col_df_to_series&gt;$,
 $Multifile Object parser (parsyfiles defaults) =&gt; &lt;merge_all_config_sections_into_a_single_dict&gt; -&gt; &lt;dict_to_df&gt; -&gt; &lt;single_row_or_col_df_to_series&gt;$,
 $&lt;read_object_from_yaml&gt; =&gt; &lt;config_to_dict_of_dict&gt; -&gt; &lt;dict_to_df&gt; -&gt; &lt;single_row_or_col_df_to_series&gt;$,
 $&lt;read_object_from_yaml&gt; =&gt; &lt;merge_all_config_sections_into_a_single_dict&gt; -&gt; &lt;dict_to_df&gt; -&gt; &lt;single_row_or_col_df_to_series&gt;$,
 $&lt;read_config&gt; =&gt; &lt;config_to_dict_of_dict&gt; -&gt; &lt;dict_to_df&gt; -&gt; &lt;single_row_or_col_df_to_series&gt;$,
 $&lt;read_config&gt; =&gt; &lt;merge_all_config_sections_into_a_single_dict&gt; -&gt; &lt;dict_to_df&gt; -&gt; &lt;single_row_or_col_df_to_series&gt;$,
 $&lt;read_str_from_txt&gt; =&gt; &lt;base64_ascii_str_pickle_to_object&gt; -&gt; &lt;str_to_int&gt;$,
 $&lt;read_str_from_txt&gt; =&gt; &lt;base64_ascii_str_pickle_to_object&gt; -&gt; &lt;float_to_int&gt;$,
 $&lt;read_str_from_txt&gt; =&gt; &lt;base64_ascii_str_pickle_to_object&gt; -&gt; &lt;bool_to_int&gt;$,
 $&lt;read_str_from_txt&gt; =&gt; &lt;base64_ascii_str_pickle_to_object&gt; -&gt; &lt;str_to_float&gt;$,
 $&lt;read_str_from_txt&gt; =&gt; &lt;base64_ascii_str_pickle_to_object&gt; -&gt; &lt;int_to_float&gt;$,
 $&lt;read_str_from_txt&gt; =&gt; &lt;base64_ascii_str_pickle_to_object&gt; -&gt; &lt;bool_to_float&gt;$,
 $&lt;read_str_from_txt&gt; =&gt; &lt;base64_ascii_str_pickle_to_object&gt; -&gt; &lt;str_to_bool&gt;$,
 $&lt;read_str_from_txt&gt; =&gt; &lt;base64_ascii_str_pickle_to_object&gt; -&gt; &lt;int_to_bool&gt;$,
 $&lt;read_str_from_txt&gt; =&gt; &lt;base64_ascii_str_pickle_to_object&gt; -&gt; &lt;float_to_bool&gt;$,
 $&lt;read_str_from_txt&gt; =&gt; &lt;base64_ascii_str_pickle_to_object&gt; -&gt; &lt;list_to_set&gt;$,
 $&lt;read_str_from_txt&gt; =&gt; &lt;base64_ascii_str_pickle_to_object&gt; -&gt; &lt;list_to_tuple&gt;$,
 $&lt;read_collection_from_yaml&gt; =&gt; &lt;dict_to_df&gt; -&gt; &lt;single_row_or_col_df_to_series&gt;$,
 $&lt;read_object_from_pickle&gt; =&gt; &lt;config_to_dict_of_dict&gt; -&gt; &lt;dict_to_df&gt;$,
 $&lt;read_object_from_pickle&gt; =&gt; &lt;merge_all_config_sections_into_a_single_dict&gt; -&gt; &lt;dict_to_df&gt;$,
 $&lt;read_object_from_pickle&gt; =&gt; &lt;dict_to_df&gt; -&gt; &lt;single_row_or_col_df_to_series&gt;$,
 $Multifile Object parser (parsyfiles defaults) =&gt; &lt;config_to_dict_of_dict&gt; -&gt; &lt;dict_to_df&gt;$,
 $Multifile Object parser (parsyfiles defaults) =&gt; &lt;merge_all_config_sections_into_a_single_dict&gt; -&gt; &lt;dict_to_df&gt;$,
 $Multifile Object parser (parsyfiles defaults) =&gt; &lt;dict_to_df&gt; -&gt; &lt;single_row_or_col_df_to_series&gt;$,
 $&lt;read_object_from_yaml&gt; =&gt; &lt;config_to_dict_of_dict&gt; -&gt; &lt;dict_to_df&gt;$,
 $&lt;read_object_from_yaml&gt; =&gt; &lt;merge_all_config_sections_into_a_single_dict&gt; -&gt; &lt;dict_to_df&gt;$,
 $&lt;read_object_from_yaml&gt; =&gt; &lt;dict_to_df&gt; -&gt; &lt;single_row_or_col_df_to_series&gt;$,
 $&lt;read_dict_or_list_from_json&gt; =&gt; &lt;dict_to_df&gt; -&gt; &lt;single_row_or_col_df_to_series&gt;$,
 $&lt;read_config&gt; =&gt; &lt;config_to_dict_of_dict&gt; -&gt; &lt;dict_to_df&gt;$,
 $&lt;read_config&gt; =&gt; &lt;merge_all_config_sections_into_a_single_dict&gt; -&gt; &lt;dict_to_df&gt;$,
 $&lt;read_dict_from_properties&gt; =&gt; &lt;dict_to_df&gt; -&gt; &lt;single_row_or_col_df_to_series&gt;$,
 $&lt;read_dict_or_list_from_json&gt; =&gt; &lt;list_to_set&gt;$,
 $&lt;read_dict_or_list_from_json&gt; =&gt; &lt;list_to_tuple&gt;$,
 $&lt;read_collection_from_yaml&gt; =&gt; &lt;dict_to_df&gt;$,
 $&lt;read_object_from_pickle&gt; =&gt; &lt;str_to_int&gt;$,
 $&lt;read_object_from_pickle&gt; =&gt; &lt;float_to_int&gt;$,
 $&lt;read_object_from_pickle&gt; =&gt; &lt;bool_to_int&gt;$,
 $&lt;read_object_from_pickle&gt; =&gt; &lt;str_to_float&gt;$,
 $&lt;read_object_from_pickle&gt; =&gt; &lt;int_to_float&gt;$,
 $&lt;read_object_from_pickle&gt; =&gt; &lt;bool_to_float&gt;$,
 $&lt;read_object_from_pickle&gt; =&gt; &lt;str_to_bool&gt;$,
 $&lt;read_object_from_pickle&gt; =&gt; &lt;int_to_bool&gt;$,
 $&lt;read_object_from_pickle&gt; =&gt; &lt;float_to_bool&gt;$,
 $&lt;read_object_from_pickle&gt; =&gt; &lt;int_to_string&gt;$,
 $&lt;read_object_from_pickle&gt; =&gt; &lt;float_to_string&gt;$,
 $&lt;read_object_from_pickle&gt; =&gt; &lt;bool_to_string&gt;$,
 $&lt;read_object_from_pickle&gt; =&gt; &lt;list_to_set&gt;$,
 $&lt;read_object_from_pickle&gt; =&gt; &lt;list_to_tuple&gt;$,
 $&lt;read_object_from_pickle&gt; =&gt; &lt;config_to_dict_of_dict&gt;$,
 $&lt;read_object_from_pickle&gt; =&gt; &lt;merge_all_config_sections_into_a_single_dict&gt;$,
 $&lt;read_object_from_pickle&gt; =&gt; &lt;single_row_or_col_df_to_dict&gt;$,
 $&lt;read_object_from_pickle&gt; =&gt; &lt;dict_to_df&gt;$,
 $&lt;read_object_from_pickle&gt; =&gt; &lt;single_row_or_col_df_to_series&gt;$,
 $Multifile Object parser (parsyfiles defaults) =&gt; &lt;str_to_int&gt;$,
 $Multifile Object parser (parsyfiles defaults) =&gt; &lt;float_to_int&gt;$,
 $Multifile Object parser (parsyfiles defaults) =&gt; &lt;bool_to_int&gt;$,
 $Multifile Object parser (parsyfiles defaults) =&gt; &lt;str_to_float&gt;$,
 $Multifile Object parser (parsyfiles defaults) =&gt; &lt;int_to_float&gt;$,
 $Multifile Object parser (parsyfiles defaults) =&gt; &lt;bool_to_float&gt;$,
 $Multifile Object parser (parsyfiles defaults) =&gt; &lt;str_to_bool&gt;$,
 $Multifile Object parser (parsyfiles defaults) =&gt; &lt;int_to_bool&gt;$,
 $Multifile Object parser (parsyfiles defaults) =&gt; &lt;float_to_bool&gt;$,
 $Multifile Object parser (parsyfiles defaults) =&gt; &lt;int_to_string&gt;$,
 $Multifile Object parser (parsyfiles defaults) =&gt; &lt;float_to_string&gt;$,
 $Multifile Object parser (parsyfiles defaults) =&gt; &lt;bool_to_string&gt;$,
 $Multifile Object parser (parsyfiles defaults) =&gt; &lt;list_to_set&gt;$,
 $Multifile Object parser (parsyfiles defaults) =&gt; &lt;list_to_tuple&gt;$,
 $Multifile Object parser (parsyfiles defaults) =&gt; &lt;config_to_dict_of_dict&gt;$,
 $Multifile Object parser (parsyfiles defaults) =&gt; &lt;merge_all_config_sections_into_a_single_dict&gt;$,
 $Multifile Object parser (parsyfiles defaults) =&gt; &lt;single_row_or_col_df_to_dict&gt;$,
 $Multifile Object parser (parsyfiles defaults) =&gt; &lt;dict_to_df&gt;$,
 $Multifile Object parser (parsyfiles defaults) =&gt; &lt;single_row_or_col_df_to_series&gt;$,
 $&lt;read_object_from_yaml&gt; =&gt; &lt;str_to_int&gt;$,
 $&lt;read_object_from_yaml&gt; =&gt; &lt;float_to_int&gt;$,
 $&lt;read_object_from_yaml&gt; =&gt; &lt;bool_to_int&gt;$,
 $&lt;read_object_from_yaml&gt; =&gt; &lt;str_to_float&gt;$,
 $&lt;read_object_from_yaml&gt; =&gt; &lt;int_to_float&gt;$,
 $&lt;read_object_from_yaml&gt; =&gt; &lt;bool_to_float&gt;$,
 $&lt;read_object_from_yaml&gt; =&gt; &lt;str_to_bool&gt;$,
 $&lt;read_object_from_yaml&gt; =&gt; &lt;int_to_bool&gt;$,
 $&lt;read_object_from_yaml&gt; =&gt; &lt;float_to_bool&gt;$,
 $&lt;read_object_from_yaml&gt; =&gt; &lt;int_to_string&gt;$,
 $&lt;read_object_from_yaml&gt; =&gt; &lt;float_to_string&gt;$,
 $&lt;read_object_from_yaml&gt; =&gt; &lt;bool_to_string&gt;$,
 $&lt;read_object_from_yaml&gt; =&gt; &lt;list_to_set&gt;$,
 $&lt;read_object_from_yaml&gt; =&gt; &lt;list_to_tuple&gt;$,
 $&lt;read_object_from_yaml&gt; =&gt; &lt;config_to_dict_of_dict&gt;$,
 $&lt;read_object_from_yaml&gt; =&gt; &lt;merge_all_config_sections_into_a_single_dict&gt;$,
 $&lt;read_object_from_yaml&gt; =&gt; &lt;single_row_or_col_df_to_dict&gt;$,
 $&lt;read_object_from_yaml&gt; =&gt; &lt;dict_to_df&gt;$,
 $&lt;read_object_from_yaml&gt; =&gt; &lt;single_row_or_col_df_to_series&gt;$,
 $&lt;read_str_from_txt&gt; =&gt; &lt;str_to_int&gt;$,
 $&lt;read_str_from_txt&gt; =&gt; &lt;str_to_float&gt;$,
 $&lt;read_str_from_txt&gt; =&gt; &lt;str_to_bool&gt;$,
 $&lt;read_dict_or_list_from_json&gt; =&gt; &lt;dict_to_df&gt;$,
 $&lt;read_config&gt; =&gt; &lt;config_to_dict_of_dict&gt;$,
 $&lt;read_config&gt; =&gt; &lt;merge_all_config_sections_into_a_single_dict&gt;$,
 $&lt;read_dict_from_properties&gt; =&gt; &lt;dict_to_df&gt;$,
 $&lt;read_collection_from_yaml&gt; =&gt; &lt;list_to_set&gt;$,
 $&lt;read_collection_from_yaml&gt; =&gt; &lt;list_to_tuple&gt;$,
 $&lt;read_dataframe_from_xls&gt; =&gt; &lt;single_row_or_col_df_to_dict&gt;$,
 $&lt;read_dataframe_from_xls&gt; =&gt; &lt;single_row_or_col_df_to_series&gt;$,
 $&lt;read_df_or_series_from_csv&gt; =&gt; &lt;single_row_or_col_df_to_dict&gt;$,
 $&lt;read_df_or_series_from_csv&gt; =&gt; &lt;single_row_or_col_df_to_series&gt;$,
 &lt;read_str_from_txt&gt;,
 &lt;read_dict_or_list_from_json&gt;,
 Multifile Collection parser (parsyfiles defaults),
 &lt;read_config&gt;,
 &lt;read_dict_from_properties&gt;,
 &lt;read_collection_from_yaml&gt;,
 &lt;read_dataframe_from_xls&gt;,
 &lt;read_df_or_series_from_csv&gt;]
</system-out></testcase><testcase classname="parsyfiles.tests.combining_parsers_converters.test_default_instance" file="parsyfiles/tests/combining_parsers_converters/test_default_instance.py" line="73" name="test_option_hints" time="0.0673224925994873"><system-out>Testing option hints for parsing chain
read_config: No declared option
config_to_dict_of_dict: No declared option
dict_to_object: No declared option

</system-out></testcase><testcase classname="parsyfiles.tests.combining_parsers_converters.test_default_instance" file="parsyfiles/tests/combining_parsers_converters/test_default_instance.py" line="81" name="test_get_all_conversion_chains" time="0.030281543731689453"><system-out>
22(generic) + 200(specific) Root parser converters:
([$&lt;config_to_dict_of_dict&gt; -&gt; &lt;dict_to_object&gt;$,
  $&lt;config_to_dict_of_dict&gt; -&gt; &lt;dict_of_dict_to_object&gt;$,
  $&lt;merge_all_config_sections_into_a_single_dict&gt; -&gt; &lt;dict_to_object&gt;$,
  $&lt;single_row_or_col_df_to_dict&gt; -&gt; &lt;dict_to_object&gt;$,
  $&lt;constructor_with_str_arg&gt;$,
  $&lt;base64_ascii_str_pickle_to_object&gt;$,
  $&lt;dict_of_dict_to_object&gt;$,
  $&lt;dict_to_object&gt;$,
  $&lt;construct_from_bool_&gt;$,
  $&lt;construct_from_int8&gt;$,
  $&lt;construct_from_int16&gt;$,
  $&lt;construct_from_int32&gt;$,
  $&lt;construct_from_int64&gt;$,
  $&lt;construct_from_uint8&gt;$,
  $&lt;construct_from_uint16&gt;$,
  $&lt;construct_from_uint32&gt;$,
  $&lt;construct_from_uint64&gt;$,
  $&lt;construct_from_float16&gt;$,
  $&lt;construct_from_float32&gt;$,
  $&lt;construct_from_float64&gt;$,
  $&lt;construct_from_complex64&gt;$,
  $&lt;construct_from_complex128&gt;$],
 [],
 [$&lt;config_to_dict_of_dict&gt; -&gt; &lt;dict_to_df&gt; -&gt; &lt;single_row_or_col_df_to_series&gt;$,
  $&lt;config_to_dict_of_dict&gt; -&gt; &lt;dict_to_df&gt;$,
  $&lt;merge_all_config_sections_into_a_single_dict&gt; -&gt; &lt;dict_to_df&gt; -&gt; &lt;single_row_or_col_df_to_series&gt;$,
  $&lt;base64_ascii_str_pickle_to_object&gt; -&gt; &lt;str_to_int&gt;$,
  $&lt;base64_ascii_str_pickle_to_object&gt; -&gt; &lt;float_to_int&gt;$,
  $&lt;base64_ascii_str_pickle_to_object&gt; -&gt; &lt;bool_to_int&gt;$,
  $&lt;base64_ascii_str_pickle_to_object&gt; -&gt; &lt;str_to_float&gt;$,
  $&lt;base64_ascii_str_pickle_to_object&gt; -&gt; &lt;int_to_float&gt;$,
  $&lt;base64_ascii_str_pickle_to_object&gt; -&gt; &lt;bool_to_float&gt;$,
  $&lt;base64_ascii_str_pickle_to_object&gt; -&gt; &lt;str_to_bool&gt;$,
  $&lt;base64_ascii_str_pickle_to_object&gt; -&gt; &lt;int_to_bool&gt;$,
  $&lt;base64_ascii_str_pickle_to_object&gt; -&gt; &lt;float_to_bool&gt;$,
  $&lt;base64_ascii_str_pickle_to_object&gt; -&gt; &lt;int_to_string&gt;$,
  $&lt;base64_ascii_str_pickle_to_object&gt; -&gt; &lt;float_to_string&gt;$,
  $&lt;base64_ascii_str_pickle_to_object&gt; -&gt; &lt;bool_to_string&gt;$,
  $&lt;base64_ascii_str_pickle_to_object&gt; -&gt; &lt;list_to_set&gt;$,
  $&lt;base64_ascii_str_pickle_to_object&gt; -&gt; &lt;list_to_tuple&gt;$,
  $&lt;construct_from_bool_&gt; -&gt; &lt;str_to_int&gt;$,
  $&lt;construct_from_bool_&gt; -&gt; &lt;float_to_int&gt;$,
  $&lt;construct_from_bool_&gt; -&gt; &lt;bool_to_int&gt;$,
  $&lt;construct_from_bool_&gt; -&gt; &lt;str_to_float&gt;$,
  $&lt;construct_from_bool_&gt; -&gt; &lt;int_to_float&gt;$,
  $&lt;construct_from_bool_&gt; -&gt; &lt;bool_to_float&gt;$,
  $&lt;construct_from_bool_&gt; -&gt; &lt;str_to_bool&gt;$,
  $&lt;construct_from_bool_&gt; -&gt; &lt;int_to_bool&gt;$,
  $&lt;construct_from_bool_&gt; -&gt; &lt;float_to_bool&gt;$,
  $&lt;construct_from_bool_&gt; -&gt; &lt;int_to_string&gt;$,
  $&lt;construct_from_bool_&gt; -&gt; &lt;float_to_string&gt;$,
  $&lt;construct_from_bool_&gt; -&gt; &lt;bool_to_string&gt;$,
  $&lt;construct_from_int8&gt; -&gt; &lt;str_to_int&gt;$,
  $&lt;construct_from_int8&gt; -&gt; &lt;float_to_int&gt;$,
  $&lt;construct_from_int8&gt; -&gt; &lt;bool_to_int&gt;$,
  $&lt;construct_from_int8&gt; -&gt; &lt;str_to_float&gt;$,
  $&lt;construct_from_int8&gt; -&gt; &lt;int_to_float&gt;$,
  $&lt;construct_from_int8&gt; -&gt; &lt;bool_to_float&gt;$,
  $&lt;construct_from_int8&gt; -&gt; &lt;str_to_bool&gt;$,
  $&lt;construct_from_int8&gt; -&gt; &lt;int_to_bool&gt;$,
  $&lt;construct_from_int8&gt; -&gt; &lt;float_to_bool&gt;$,
  $&lt;construct_from_int8&gt; -&gt; &lt;int_to_string&gt;$,
  $&lt;construct_from_int8&gt; -&gt; &lt;float_to_string&gt;$,
  $&lt;construct_from_int8&gt; -&gt; &lt;bool_to_string&gt;$,
  $&lt;construct_from_int16&gt; -&gt; &lt;str_to_int&gt;$,
  $&lt;construct_from_int16&gt; -&gt; &lt;float_to_int&gt;$,
  $&lt;construct_from_int16&gt; -&gt; &lt;bool_to_int&gt;$,
  $&lt;construct_from_int16&gt; -&gt; &lt;str_to_float&gt;$,
  $&lt;construct_from_int16&gt; -&gt; &lt;int_to_float&gt;$,
  $&lt;construct_from_int16&gt; -&gt; &lt;bool_to_float&gt;$,
  $&lt;construct_from_int16&gt; -&gt; &lt;str_to_bool&gt;$,
  $&lt;construct_from_int16&gt; -&gt; &lt;int_to_bool&gt;$,
  $&lt;construct_from_int16&gt; -&gt; &lt;float_to_bool&gt;$,
  $&lt;construct_from_int16&gt; -&gt; &lt;int_to_string&gt;$,
  $&lt;construct_from_int16&gt; -&gt; &lt;float_to_string&gt;$,
  $&lt;construct_from_int16&gt; -&gt; &lt;bool_to_string&gt;$,
  $&lt;construct_from_int32&gt; -&gt; &lt;str_to_int&gt;$,
  $&lt;construct_from_int32&gt; -&gt; &lt;float_to_int&gt;$,
  $&lt;construct_from_int32&gt; -&gt; &lt;bool_to_int&gt;$,
  $&lt;construct_from_int32&gt; -&gt; &lt;str_to_float&gt;$,
  $&lt;construct_from_int32&gt; -&gt; &lt;int_to_float&gt;$,
  $&lt;construct_from_int32&gt; -&gt; &lt;bool_to_float&gt;$,
  $&lt;construct_from_int32&gt; -&gt; &lt;str_to_bool&gt;$,
  $&lt;construct_from_int32&gt; -&gt; &lt;int_to_bool&gt;$,
  $&lt;construct_from_int32&gt; -&gt; &lt;float_to_bool&gt;$,
  $&lt;construct_from_int32&gt; -&gt; &lt;int_to_string&gt;$,
  $&lt;construct_from_int32&gt; -&gt; &lt;float_to_string&gt;$,
  $&lt;construct_from_int32&gt; -&gt; &lt;bool_to_string&gt;$,
  $&lt;construct_from_int64&gt; -&gt; &lt;str_to_int&gt;$,
  $&lt;construct_from_int64&gt; -&gt; &lt;float_to_int&gt;$,
  $&lt;construct_from_int64&gt; -&gt; &lt;bool_to_int&gt;$,
  $&lt;construct_from_int64&gt; -&gt; &lt;str_to_float&gt;$,
  $&lt;construct_from_int64&gt; -&gt; &lt;int_to_float&gt;$,
  $&lt;construct_from_int64&gt; -&gt; &lt;bool_to_float&gt;$,
  $&lt;construct_from_int64&gt; -&gt; &lt;str_to_bool&gt;$,
  $&lt;construct_from_int64&gt; -&gt; &lt;int_to_bool&gt;$,
  $&lt;construct_from_int64&gt; -&gt; &lt;float_to_bool&gt;$,
  $&lt;construct_from_int64&gt; -&gt; &lt;int_to_string&gt;$,
  $&lt;construct_from_int64&gt; -&gt; &lt;float_to_string&gt;$,
  $&lt;construct_from_int64&gt; -&gt; &lt;bool_to_string&gt;$,
  $&lt;construct_from_uint8&gt; -&gt; &lt;str_to_int&gt;$,
  $&lt;construct_from_uint8&gt; -&gt; &lt;float_to_int&gt;$,
  $&lt;construct_from_uint8&gt; -&gt; &lt;bool_to_int&gt;$,
  $&lt;construct_from_uint8&gt; -&gt; &lt;str_to_float&gt;$,
  $&lt;construct_from_uint8&gt; -&gt; &lt;int_to_float&gt;$,
  $&lt;construct_from_uint8&gt; -&gt; &lt;bool_to_float&gt;$,
  $&lt;construct_from_uint8&gt; -&gt; &lt;str_to_bool&gt;$,
  $&lt;construct_from_uint8&gt; -&gt; &lt;int_to_bool&gt;$,
  $&lt;construct_from_uint8&gt; -&gt; &lt;float_to_bool&gt;$,
  $&lt;construct_from_uint8&gt; -&gt; &lt;int_to_string&gt;$,
  $&lt;construct_from_uint8&gt; -&gt; &lt;float_to_string&gt;$,
  $&lt;construct_from_uint8&gt; -&gt; &lt;bool_to_string&gt;$,
  $&lt;construct_from_uint16&gt; -&gt; &lt;str_to_int&gt;$,
  $&lt;construct_from_uint16&gt; -&gt; &lt;float_to_int&gt;$,
  $&lt;construct_from_uint16&gt; -&gt; &lt;bool_to_int&gt;$,
  $&lt;construct_from_uint16&gt; -&gt; &lt;str_to_float&gt;$,
  $&lt;construct_from_uint16&gt; -&gt; &lt;int_to_float&gt;$,
  $&lt;construct_from_uint16&gt; -&gt; &lt;bool_to_float&gt;$,
  $&lt;construct_from_uint16&gt; -&gt; &lt;str_to_bool&gt;$,
  $&lt;construct_from_uint16&gt; -&gt; &lt;int_to_bool&gt;$,
  $&lt;construct_from_uint16&gt; -&gt; &lt;float_to_bool&gt;$,
  $&lt;construct_from_uint16&gt; -&gt; &lt;int_to_string&gt;$,
  $&lt;construct_from_uint16&gt; -&gt; &lt;float_to_string&gt;$,
  $&lt;construct_from_uint16&gt; -&gt; &lt;bool_to_string&gt;$,
  $&lt;construct_from_uint32&gt; -&gt; &lt;str_to_int&gt;$,
  $&lt;construct_from_uint32&gt; -&gt; &lt;float_to_int&gt;$,
  $&lt;construct_from_uint32&gt; -&gt; &lt;bool_to_int&gt;$,
  $&lt;construct_from_uint32&gt; -&gt; &lt;str_to_float&gt;$,
  $&lt;construct_from_uint32&gt; -&gt; &lt;int_to_float&gt;$,
  $&lt;construct_from_uint32&gt; -&gt; &lt;bool_to_float&gt;$,
  $&lt;construct_from_uint32&gt; -&gt; &lt;str_to_bool&gt;$,
  $&lt;construct_from_uint32&gt; -&gt; &lt;int_to_bool&gt;$,
  $&lt;construct_from_uint32&gt; -&gt; &lt;float_to_bool&gt;$,
  $&lt;construct_from_uint32&gt; -&gt; &lt;int_to_string&gt;$,
  $&lt;construct_from_uint32&gt; -&gt; &lt;float_to_string&gt;$,
  $&lt;construct_from_uint32&gt; -&gt; &lt;bool_to_string&gt;$,
  $&lt;construct_from_uint64&gt; -&gt; &lt;str_to_int&gt;$,
  $&lt;construct_from_uint64&gt; -&gt; &lt;float_to_int&gt;$,
  $&lt;construct_from_uint64&gt; -&gt; &lt;bool_to_int&gt;$,
  $&lt;construct_from_uint64&gt; -&gt; &lt;str_to_float&gt;$,
  $&lt;construct_from_uint64&gt; -&gt; &lt;int_to_float&gt;$,
  $&lt;construct_from_uint64&gt; -&gt; &lt;bool_to_float&gt;$,
  $&lt;construct_from_uint64&gt; -&gt; &lt;str_to_bool&gt;$,
  $&lt;construct_from_uint64&gt; -&gt; &lt;int_to_bool&gt;$,
  $&lt;construct_from_uint64&gt; -&gt; &lt;float_to_bool&gt;$,
  $&lt;construct_from_uint64&gt; -&gt; &lt;int_to_string&gt;$,
  $&lt;construct_from_uint64&gt; -&gt; &lt;float_to_string&gt;$,
  $&lt;construct_from_uint64&gt; -&gt; &lt;bool_to_string&gt;$,
  $&lt;construct_from_float16&gt; -&gt; &lt;str_to_int&gt;$,
  $&lt;construct_from_float16&gt; -&gt; &lt;float_to_int&gt;$,
  $&lt;construct_from_float16&gt; -&gt; &lt;bool_to_int&gt;$,
  $&lt;construct_from_float16&gt; -&gt; &lt;str_to_float&gt;$,
  $&lt;construct_from_float16&gt; -&gt; &lt;int_to_float&gt;$,
  $&lt;construct_from_float16&gt; -&gt; &lt;bool_to_float&gt;$,
  $&lt;construct_from_float16&gt; -&gt; &lt;str_to_bool&gt;$,
  $&lt;construct_from_float16&gt; -&gt; &lt;int_to_bool&gt;$,
  $&lt;construct_from_float16&gt; -&gt; &lt;float_to_bool&gt;$,
  $&lt;construct_from_float16&gt; -&gt; &lt;int_to_string&gt;$,
  $&lt;construct_from_float16&gt; -&gt; &lt;float_to_string&gt;$,
  $&lt;construct_from_float16&gt; -&gt; &lt;bool_to_string&gt;$,
  $&lt;construct_from_float32&gt; -&gt; &lt;str_to_int&gt;$,
  $&lt;construct_from_float32&gt; -&gt; &lt;float_to_int&gt;$,
  $&lt;construct_from_float32&gt; -&gt; &lt;bool_to_int&gt;$,
  $&lt;construct_from_float32&gt; -&gt; &lt;str_to_float&gt;$,
  $&lt;construct_from_float32&gt; -&gt; &lt;int_to_float&gt;$,
  $&lt;construct_from_float32&gt; -&gt; &lt;bool_to_float&gt;$,
  $&lt;construct_from_float32&gt; -&gt; &lt;str_to_bool&gt;$,
  $&lt;construct_from_float32&gt; -&gt; &lt;int_to_bool&gt;$,
  $&lt;construct_from_float32&gt; -&gt; &lt;float_to_bool&gt;$,
  $&lt;construct_from_float32&gt; -&gt; &lt;int_to_string&gt;$,
  $&lt;construct_from_float32&gt; -&gt; &lt;float_to_string&gt;$,
  $&lt;construct_from_float32&gt; -&gt; &lt;bool_to_string&gt;$,
  $&lt;construct_from_float64&gt; -&gt; &lt;str_to_int&gt;$,
  $&lt;construct_from_float64&gt; -&gt; &lt;bool_to_int&gt;$,
  $&lt;construct_from_float64&gt; -&gt; &lt;str_to_bool&gt;$,
  $&lt;construct_from_float64&gt; -&gt; &lt;int_to_bool&gt;$,
  $&lt;construct_from_float64&gt; -&gt; &lt;int_to_string&gt;$,
  $&lt;construct_from_float64&gt; -&gt; &lt;bool_to_string&gt;$,
  $&lt;construct_from_complex64&gt; -&gt; &lt;str_to_int&gt;$,
  $&lt;construct_from_complex64&gt; -&gt; &lt;float_to_int&gt;$,
  $&lt;construct_from_complex64&gt; -&gt; &lt;bool_to_int&gt;$,
  $&lt;construct_from_complex64&gt; -&gt; &lt;str_to_float&gt;$,
  $&lt;construct_from_complex64&gt; -&gt; &lt;int_to_float&gt;$,
  $&lt;construct_from_complex64&gt; -&gt; &lt;bool_to_float&gt;$,
  $&lt;construct_from_complex64&gt; -&gt; &lt;str_to_bool&gt;$,
  $&lt;construct_from_complex64&gt; -&gt; &lt;int_to_bool&gt;$,
  $&lt;construct_from_complex64&gt; -&gt; &lt;float_to_bool&gt;$,
  $&lt;construct_from_complex64&gt; -&gt; &lt;int_to_string&gt;$,
  $&lt;construct_from_complex64&gt; -&gt; &lt;float_to_string&gt;$,
  $&lt;construct_from_complex64&gt; -&gt; &lt;bool_to_string&gt;$,
  $&lt;construct_from_complex128&gt; -&gt; &lt;str_to_int&gt;$,
  $&lt;construct_from_complex128&gt; -&gt; &lt;float_to_int&gt;$,
  $&lt;construct_from_complex128&gt; -&gt; &lt;bool_to_int&gt;$,
  $&lt;construct_from_complex128&gt; -&gt; &lt;str_to_float&gt;$,
  $&lt;construct_from_complex128&gt; -&gt; &lt;int_to_float&gt;$,
  $&lt;construct_from_complex128&gt; -&gt; &lt;bool_to_float&gt;$,
  $&lt;construct_from_complex128&gt; -&gt; &lt;str_to_bool&gt;$,
  $&lt;construct_from_complex128&gt; -&gt; &lt;int_to_bool&gt;$,
  $&lt;construct_from_complex128&gt; -&gt; &lt;float_to_bool&gt;$,
  $&lt;construct_from_complex128&gt; -&gt; &lt;int_to_string&gt;$,
  $&lt;construct_from_complex128&gt; -&gt; &lt;float_to_string&gt;$,
  $&lt;construct_from_complex128&gt; -&gt; &lt;bool_to_string&gt;$,
  $&lt;merge_all_config_sections_into_a_single_dict&gt; -&gt; &lt;dict_to_df&gt;$,
  $&lt;dict_to_df&gt; -&gt; &lt;single_row_or_col_df_to_series&gt;$,
  $&lt;str_to_int&gt;$,
  $&lt;float_to_int&gt;$,
  $&lt;bool_to_int&gt;$,
  $&lt;str_to_float&gt;$,
  $&lt;int_to_float&gt;$,
  $&lt;bool_to_float&gt;$,
  $&lt;str_to_bool&gt;$,
  $&lt;int_to_bool&gt;$,
  $&lt;float_to_bool&gt;$,
  $&lt;int_to_string&gt;$,
  $&lt;float_to_string&gt;$,
  $&lt;bool_to_string&gt;$,
  $&lt;list_to_set&gt;$,
  $&lt;list_to_tuple&gt;$,
  $&lt;config_to_dict_of_dict&gt;$,
  $&lt;merge_all_config_sections_into_a_single_dict&gt;$,
  $&lt;single_row_or_col_df_to_dict&gt;$,
  $&lt;dict_to_df&gt;$,
  $&lt;single_row_or_col_df_to_series&gt;$])
</system-out></testcase><testcase classname="parsyfiles.tests.combining_parsers_converters.test_default_instance" file="parsyfiles/tests/combining_parsers_converters/test_default_instance.py" line="101" name="test_get_all_supported_exts" time="0.06696462631225586"><system-out>
13 Root parser supported extensions:
{&apos;.cfg&apos;,
 &apos;.csv&apos;,
 &apos;.ini&apos;,
 &apos;.json&apos;,
 &apos;.properties&apos;,
 &apos;.pyc&apos;,
 &apos;.txt&apos;,
 &apos;.xls&apos;,
 &apos;.xlsm&apos;,
 &apos;.xlsx&apos;,
 &apos;.yaml&apos;,
 &apos;.yml&apos;,
 &apos;&lt;multifile&gt;&apos;}
</system-out></testcase><testcase classname="parsyfiles.tests.combining_parsers_converters.test_default_instance" file="parsyfiles/tests/combining_parsers_converters/test_default_instance.py" line="113" name="test_get_all_supported_types_pretty_str" time="0.08431816101074219"><system-out>
15 Root parser supported types:
{&apos;AnyObject&apos;,
 &apos;ConfigParser&apos;,
 &apos;DataFrame&apos;,
 &apos;Dict&apos;,
 &apos;DictOfDict&apos;,
 &apos;List&apos;,
 &apos;Series&apos;,
 &apos;Set&apos;,
 &apos;Tuple&apos;,
 &apos;bool&apos;,
 &apos;dict&apos;,
 &apos;float&apos;,
 &apos;int&apos;,
 &apos;list&apos;,
 &apos;str&apos;}
</system-out></testcase><testcase classname="parsyfiles.tests.combining_parsers_converters.test_default_instance" file="parsyfiles/tests/combining_parsers_converters/test_default_instance.py" line="124" name="test_print_and_get_capabilities_by_ext" time="1.3571932315826416"><system-out>
13 Root parser capabilities by ext:

Capabilities by file extension: 
{&apos;.cfg&apos;: {&apos;AnyObject&apos;: {&apos;1_exact_match&apos;: [$&lt;read_config&gt; =&gt; &lt;merge_all_config_sections_into_a_single_dict&gt; -&gt; &lt;dict_to_object&gt;$,
                                          $&lt;read_config&gt; =&gt; &lt;config_to_dict_of_dict&gt; -&gt; &lt;dict_of_dict_to_object&gt;$,
                                          $&lt;read_config&gt; =&gt; &lt;config_to_dict_of_dict&gt; -&gt; &lt;dict_to_object&gt;$]},
          &apos;ConfigParser&apos;: {&apos;1_exact_match&apos;: [&lt;read_config&gt;]},
          &apos;DataFrame&apos;: {&apos;1_exact_match&apos;: [$&lt;read_config&gt; =&gt; &lt;merge_all_config_sections_into_a_single_dict&gt; -&gt; &lt;dict_to_df&gt;$,
                                          $&lt;read_config&gt; =&gt; &lt;config_to_dict_of_dict&gt; -&gt; &lt;dict_to_df&gt;$]},
          &apos;DictOfDict&apos;: {&apos;1_exact_match&apos;: [$&lt;read_config&gt; =&gt; &lt;config_to_dict_of_dict&gt;$]},
          &apos;Series&apos;: {&apos;1_exact_match&apos;: [$&lt;read_config&gt; =&gt; &lt;merge_all_config_sections_into_a_single_dict&gt; -&gt; &lt;dict_to_df&gt; -&gt; &lt;single_row_or_col_df_to_series&gt;$,
                                       $&lt;read_config&gt; =&gt; &lt;config_to_dict_of_dict&gt; -&gt; &lt;dict_to_df&gt; -&gt; &lt;single_row_or_col_df_to_series&gt;$]},
          &apos;dict&apos;: {&apos;1_exact_match&apos;: [$&lt;read_config&gt; =&gt; &lt;merge_all_config_sections_into_a_single_dict&gt;$],
                   &apos;2_approx_match&apos;: [$&lt;read_config&gt; =&gt; &lt;config_to_dict_of_dict&gt;$]}},
 &apos;.csv&apos;: {&apos;AnyObject&apos;: {&apos;1_exact_match&apos;: [$&lt;read_df_or_series_from_csv&gt; =&gt; &lt;single_row_or_col_df_to_dict&gt; -&gt; &lt;dict_to_object&gt;$]},
          &apos;DataFrame&apos;: {&apos;1_exact_match&apos;: [&lt;read_df_or_series_from_csv&gt;]},
          &apos;Series&apos;: {&apos;1_exact_match&apos;: [&lt;read_df_or_series_from_csv&gt;]},
          &apos;dict&apos;: {&apos;1_exact_match&apos;: [$&lt;read_df_or_series_from_csv&gt; =&gt; &lt;single_row_or_col_df_to_dict&gt;$]}},
 &apos;.ini&apos;: {&apos;AnyObject&apos;: {&apos;1_exact_match&apos;: [$&lt;read_config&gt; =&gt; &lt;merge_all_config_sections_into_a_single_dict&gt; -&gt; &lt;dict_to_object&gt;$,
                                          $&lt;read_config&gt; =&gt; &lt;config_to_dict_of_dict&gt; -&gt; &lt;dict_of_dict_to_object&gt;$,
                                          $&lt;read_config&gt; =&gt; &lt;config_to_dict_of_dict&gt; -&gt; &lt;dict_to_object&gt;$]},
          &apos;ConfigParser&apos;: {&apos;1_exact_match&apos;: [&lt;read_config&gt;]},
          &apos;DataFrame&apos;: {&apos;1_exact_match&apos;: [$&lt;read_config&gt; =&gt; &lt;merge_all_config_sections_into_a_single_dict&gt; -&gt; &lt;dict_to_df&gt;$,
                                          $&lt;read_config&gt; =&gt; &lt;config_to_dict_of_dict&gt; -&gt; &lt;dict_to_df&gt;$]},
          &apos;DictOfDict&apos;: {&apos;1_exact_match&apos;: [$&lt;read_config&gt; =&gt; &lt;config_to_dict_of_dict&gt;$]},
          &apos;Series&apos;: {&apos;1_exact_match&apos;: [$&lt;read_config&gt; =&gt; &lt;merge_all_config_sections_into_a_single_dict&gt; -&gt; &lt;dict_to_df&gt; -&gt; &lt;single_row_or_col_df_to_series&gt;$,
                                       $&lt;read_config&gt; =&gt; &lt;config_to_dict_of_dict&gt; -&gt; &lt;dict_to_df&gt; -&gt; &lt;single_row_or_col_df_to_series&gt;$]},
          &apos;dict&apos;: {&apos;1_exact_match&apos;: [$&lt;read_config&gt; =&gt; &lt;merge_all_config_sections_into_a_single_dict&gt;$],
                   &apos;2_approx_match&apos;: [$&lt;read_config&gt; =&gt; &lt;config_to_dict_of_dict&gt;$]}},
 &apos;.json&apos;: {&apos;AnyObject&apos;: {&apos;1_exact_match&apos;: [$&lt;read_dict_or_list_from_json&gt; =&gt; &lt;dict_to_object&gt;$]},
           &apos;DataFrame&apos;: {&apos;1_exact_match&apos;: [$&lt;read_dict_or_list_from_json&gt; =&gt; &lt;dict_to_df&gt;$]},
           &apos;Series&apos;: {&apos;1_exact_match&apos;: [$&lt;read_dict_or_list_from_json&gt; =&gt; &lt;dict_to_df&gt; -&gt; &lt;single_row_or_col_df_to_series&gt;$]},
           &apos;Set&apos;: {&apos;1_exact_match&apos;: [$&lt;read_dict_or_list_from_json&gt; =&gt; &lt;list_to_set&gt;$]},
           &apos;Tuple&apos;: {&apos;1_exact_match&apos;: [$&lt;read_dict_or_list_from_json&gt; =&gt; &lt;list_to_tuple&gt;$]},
           &apos;dict&apos;: {&apos;1_exact_match&apos;: [&lt;read_dict_or_list_from_json&gt;]},
           &apos;list&apos;: {&apos;1_exact_match&apos;: [&lt;read_dict_or_list_from_json&gt;]}},
 &apos;.properties&apos;: {&apos;AnyObject&apos;: {&apos;1_exact_match&apos;: [$&lt;read_dict_from_properties&gt; =&gt; &lt;dict_to_object&gt;$]},
                 &apos;DataFrame&apos;: {&apos;1_exact_match&apos;: [$&lt;read_dict_from_properties&gt; =&gt; &lt;dict_to_df&gt;$]},
                 &apos;Series&apos;: {&apos;1_exact_match&apos;: [$&lt;read_dict_from_properties&gt; =&gt; &lt;dict_to_df&gt; -&gt; &lt;single_row_or_col_df_to_series&gt;$]},
                 &apos;dict&apos;: {&apos;1_exact_match&apos;: [&lt;read_dict_from_properties&gt;]}},
 &apos;.pyc&apos;: {&apos;AnyObject&apos;: {&apos;1_exact_match&apos;: [&lt;read_object_from_pickle&gt;]},
          &apos;DataFrame&apos;: {&apos;1_exact_match&apos;: [$&lt;read_object_from_pickle&gt; =&gt; &lt;dict_to_df&gt;$,
                                          $&lt;read_object_from_pickle&gt; =&gt; &lt;merge_all_config_sections_into_a_single_dict&gt; -&gt; &lt;dict_to_df&gt;$,
                                          $&lt;read_object_from_pickle&gt; =&gt; &lt;config_to_dict_of_dict&gt; -&gt; &lt;dict_to_df&gt;$],
                        &apos;3_generic&apos;: [&lt;read_object_from_pickle&gt;]},
          &apos;DictOfDict&apos;: {&apos;1_exact_match&apos;: [$&lt;read_object_from_pickle&gt; =&gt; &lt;config_to_dict_of_dict&gt;$],
                         &apos;3_generic&apos;: [&lt;read_object_from_pickle&gt;]},
          &apos;Series&apos;: {&apos;1_exact_match&apos;: [$&lt;read_object_from_pickle&gt; =&gt; &lt;single_row_or_col_df_to_series&gt;$,
                                       $&lt;read_object_from_pickle&gt; =&gt; &lt;dict_to_df&gt; -&gt; &lt;single_row_or_col_df_to_series&gt;$,
                                       $&lt;read_object_from_pickle&gt; =&gt; &lt;merge_all_config_sections_into_a_single_dict&gt; -&gt; &lt;dict_to_df&gt; -&gt; &lt;single_row_or_col_df_to_series&gt;$,
                                       $&lt;read_object_from_pickle&gt; =&gt; &lt;config_to_dict_of_dict&gt; -&gt; &lt;dict_to_df&gt; -&gt; &lt;single_row_or_col_df_to_series&gt;$],
                     &apos;3_generic&apos;: [&lt;read_object_from_pickle&gt;]},
          &apos;Set&apos;: {&apos;1_exact_match&apos;: [$&lt;read_object_from_pickle&gt; =&gt; &lt;list_to_set&gt;$],
                  &apos;3_generic&apos;: [&lt;read_object_from_pickle&gt;]},
          &apos;Tuple&apos;: {&apos;1_exact_match&apos;: [$&lt;read_object_from_pickle&gt; =&gt; &lt;list_to_tuple&gt;$],
                    &apos;3_generic&apos;: [&lt;read_object_from_pickle&gt;]},
          &apos;bool&apos;: {&apos;1_exact_match&apos;: [$&lt;read_object_from_pickle&gt; =&gt; &lt;float_to_bool&gt;$,
                                     $&lt;read_object_from_pickle&gt; =&gt; &lt;int_to_bool&gt;$,
                                     $&lt;read_object_from_pickle&gt; =&gt; &lt;str_to_bool&gt;$],
                   &apos;3_generic&apos;: [&lt;read_object_from_pickle&gt;]},
          &apos;dict&apos;: {&apos;1_exact_match&apos;: [$&lt;read_object_from_pickle&gt; =&gt; &lt;single_row_or_col_df_to_dict&gt;$,
                                     $&lt;read_object_from_pickle&gt; =&gt; &lt;merge_all_config_sections_into_a_single_dict&gt;$],
                   &apos;2_approx_match&apos;: [$&lt;read_object_from_pickle&gt; =&gt; &lt;config_to_dict_of_dict&gt;$],
                   &apos;3_generic&apos;: [&lt;read_object_from_pickle&gt;]},
          &apos;float&apos;: {&apos;1_exact_match&apos;: [$&lt;read_object_from_pickle&gt; =&gt; &lt;bool_to_float&gt;$,
                                      $&lt;read_object_from_pickle&gt; =&gt; &lt;int_to_float&gt;$,
                                      $&lt;read_object_from_pickle&gt; =&gt; &lt;str_to_float&gt;$],
                    &apos;3_generic&apos;: [&lt;read_object_from_pickle&gt;]},
          &apos;int&apos;: {&apos;1_exact_match&apos;: [$&lt;read_object_from_pickle&gt; =&gt; &lt;bool_to_int&gt;$,
                                    $&lt;read_object_from_pickle&gt; =&gt; &lt;float_to_int&gt;$,
                                    $&lt;read_object_from_pickle&gt; =&gt; &lt;str_to_int&gt;$],
                  &apos;2_approx_match&apos;: [$&lt;read_object_from_pickle&gt; =&gt; &lt;float_to_bool&gt;$,
                                     $&lt;read_object_from_pickle&gt; =&gt; &lt;int_to_bool&gt;$,
                                     $&lt;read_object_from_pickle&gt; =&gt; &lt;str_to_bool&gt;$],
                  &apos;3_generic&apos;: [&lt;read_object_from_pickle&gt;]},
          &apos;str&apos;: {&apos;1_exact_match&apos;: [$&lt;read_object_from_pickle&gt; =&gt; &lt;bool_to_string&gt;$,
                                    $&lt;read_object_from_pickle&gt; =&gt; &lt;float_to_string&gt;$,
                                    $&lt;read_object_from_pickle&gt; =&gt; &lt;int_to_string&gt;$],
                  &apos;3_generic&apos;: [&lt;read_object_from_pickle&gt;]}},
 &apos;.txt&apos;: {&apos;AnyObject&apos;: {&apos;1_exact_match&apos;: [$&lt;read_dict_from_properties&gt; =&gt; &lt;dict_to_object&gt;$,
                                          $&lt;read_str_from_txt&gt; =&gt; &lt;constructor_with_str_arg&gt;$,
                                          $&lt;read_str_from_txt&gt; =&gt; &lt;base64_ascii_str_pickle_to_object&gt;$,
                                          $&lt;read_df_or_series_from_csv&gt; =&gt; &lt;single_row_or_col_df_to_dict&gt; -&gt; &lt;dict_to_object&gt;$]},
          &apos;DataFrame&apos;: {&apos;1_exact_match&apos;: [&lt;read_df_or_series_from_csv&gt;,
                                          $&lt;read_dict_from_properties&gt; =&gt; &lt;dict_to_df&gt;$],
                        &apos;3_generic&apos;: [$&lt;read_str_from_txt&gt; =&gt; &lt;constructor_with_str_arg&gt;$,
                                      $&lt;read_str_from_txt&gt; =&gt; &lt;base64_ascii_str_pickle_to_object&gt;$]},
          &apos;Series&apos;: {&apos;1_exact_match&apos;: [&lt;read_df_or_series_from_csv&gt;,
                                       $&lt;read_dict_from_properties&gt; =&gt; &lt;dict_to_df&gt; -&gt; &lt;single_row_or_col_df_to_series&gt;$],
                     &apos;3_generic&apos;: [$&lt;read_str_from_txt&gt; =&gt; &lt;constructor_with_str_arg&gt;$,
                                   $&lt;read_str_from_txt&gt; =&gt; &lt;base64_ascii_str_pickle_to_object&gt;$]},
          &apos;Set&apos;: {&apos;1_exact_match&apos;: [$&lt;read_str_from_txt&gt; =&gt; &lt;base64_ascii_str_pickle_to_object&gt; -&gt; &lt;list_to_set&gt;$],
                  &apos;3_generic&apos;: [$&lt;read_str_from_txt&gt; =&gt; &lt;constructor_with_str_arg&gt;$,
                                $&lt;read_str_from_txt&gt; =&gt; &lt;base64_ascii_str_pickle_to_object&gt;$]},
          &apos;Tuple&apos;: {&apos;1_exact_match&apos;: [$&lt;read_str_from_txt&gt; =&gt; &lt;base64_ascii_str_pickle_to_object&gt; -&gt; &lt;list_to_tuple&gt;$],
                    &apos;3_generic&apos;: [$&lt;read_str_from_txt&gt; =&gt; &lt;constructor_with_str_arg&gt;$,
                                  $&lt;read_str_from_txt&gt; =&gt; &lt;base64_ascii_str_pickle_to_object&gt;$]},
          &apos;bool&apos;: {&apos;1_exact_match&apos;: [$&lt;read_str_from_txt&gt; =&gt; &lt;str_to_bool&gt;$,
                                     $&lt;read_str_from_txt&gt; =&gt; &lt;base64_ascii_str_pickle_to_object&gt; -&gt; &lt;float_to_bool&gt;$,
                                     $&lt;read_str_from_txt&gt; =&gt; &lt;base64_ascii_str_pickle_to_object&gt; -&gt; &lt;int_to_bool&gt;$,
                                     $&lt;read_str_from_txt&gt; =&gt; &lt;base64_ascii_str_pickle_to_object&gt; -&gt; &lt;str_to_bool&gt;$],
                   &apos;3_generic&apos;: [$&lt;read_str_from_txt&gt; =&gt; &lt;base64_ascii_str_pickle_to_object&gt;$]},
          &apos;dict&apos;: {&apos;1_exact_match&apos;: [&lt;read_dict_from_properties&gt;,
                                     $&lt;read_df_or_series_from_csv&gt; =&gt; &lt;single_row_or_col_df_to_dict&gt;$],
                   &apos;3_generic&apos;: [$&lt;read_str_from_txt&gt; =&gt; &lt;constructor_with_str_arg&gt;$,
                                 $&lt;read_str_from_txt&gt; =&gt; &lt;base64_ascii_str_pickle_to_object&gt;$]},
          &apos;float&apos;: {&apos;1_exact_match&apos;: [$&lt;read_str_from_txt&gt; =&gt; &lt;str_to_float&gt;$,
                                      $&lt;read_str_from_txt&gt; =&gt; &lt;base64_ascii_str_pickle_to_object&gt; -&gt; &lt;bool_to_float&gt;$,
                                      $&lt;read_str_from_txt&gt; =&gt; &lt;base64_ascii_str_pickle_to_object&gt; -&gt; &lt;int_to_float&gt;$,
                                      $&lt;read_str_from_txt&gt; =&gt; &lt;base64_ascii_str_pickle_to_object&gt; -&gt; &lt;str_to_float&gt;$],
                    &apos;3_generic&apos;: [$&lt;read_str_from_txt&gt; =&gt; &lt;base64_ascii_str_pickle_to_object&gt;$]},
          &apos;int&apos;: {&apos;1_exact_match&apos;: [$&lt;read_str_from_txt&gt; =&gt; &lt;str_to_int&gt;$,
                                    $&lt;read_str_from_txt&gt; =&gt; &lt;base64_ascii_str_pickle_to_object&gt; -&gt; &lt;bool_to_int&gt;$,
                                    $&lt;read_str_from_txt&gt; =&gt; &lt;base64_ascii_str_pickle_to_object&gt; -&gt; &lt;float_to_int&gt;$,
                                    $&lt;read_str_from_txt&gt; =&gt; &lt;base64_ascii_str_pickle_to_object&gt; -&gt; &lt;str_to_int&gt;$],
                  &apos;2_approx_match&apos;: [$&lt;read_str_from_txt&gt; =&gt; &lt;str_to_bool&gt;$,
                                     $&lt;read_str_from_txt&gt; =&gt; &lt;base64_ascii_str_pickle_to_object&gt; -&gt; &lt;float_to_bool&gt;$,
                                     $&lt;read_str_from_txt&gt; =&gt; &lt;base64_ascii_str_pickle_to_object&gt; -&gt; &lt;int_to_bool&gt;$,
                                     $&lt;read_str_from_txt&gt; =&gt; &lt;base64_ascii_str_pickle_to_object&gt; -&gt; &lt;str_to_bool&gt;$],
                  &apos;3_generic&apos;: [$&lt;read_str_from_txt&gt; =&gt; &lt;base64_ascii_str_pickle_to_object&gt;$]},
          &apos;str&apos;: {&apos;1_exact_match&apos;: [&lt;read_str_from_txt&gt;]}},
 &apos;.xls&apos;: {&apos;AnyObject&apos;: {&apos;1_exact_match&apos;: [$&lt;read_dataframe_from_xls&gt; =&gt; &lt;single_row_or_col_df_to_dict&gt; -&gt; &lt;dict_to_object&gt;$]},
          &apos;DataFrame&apos;: {&apos;1_exact_match&apos;: [&lt;read_dataframe_from_xls&gt;]},
          &apos;Series&apos;: {&apos;1_exact_match&apos;: [$&lt;read_dataframe_from_xls&gt; =&gt; &lt;single_row_or_col_df_to_series&gt;$]},
          &apos;dict&apos;: {&apos;1_exact_match&apos;: [$&lt;read_dataframe_from_xls&gt; =&gt; &lt;single_row_or_col_df_to_dict&gt;$]}},
 &apos;.xlsm&apos;: {&apos;AnyObject&apos;: {&apos;1_exact_match&apos;: [$&lt;read_dataframe_from_xls&gt; =&gt; &lt;single_row_or_col_df_to_dict&gt; -&gt; &lt;dict_to_object&gt;$]},
           &apos;DataFrame&apos;: {&apos;1_exact_match&apos;: [&lt;read_dataframe_from_xls&gt;]},
           &apos;Series&apos;: {&apos;1_exact_match&apos;: [$&lt;read_dataframe_from_xls&gt; =&gt; &lt;single_row_or_col_df_to_series&gt;$]},
           &apos;dict&apos;: {&apos;1_exact_match&apos;: [$&lt;read_dataframe_from_xls&gt; =&gt; &lt;single_row_or_col_df_to_dict&gt;$]}},
 &apos;.xlsx&apos;: {&apos;AnyObject&apos;: {&apos;1_exact_match&apos;: [$&lt;read_dataframe_from_xls&gt; =&gt; &lt;single_row_or_col_df_to_dict&gt; -&gt; &lt;dict_to_object&gt;$]},
           &apos;DataFrame&apos;: {&apos;1_exact_match&apos;: [&lt;read_dataframe_from_xls&gt;]},
           &apos;Series&apos;: {&apos;1_exact_match&apos;: [$&lt;read_dataframe_from_xls&gt; =&gt; &lt;single_row_or_col_df_to_series&gt;$]},
           &apos;dict&apos;: {&apos;1_exact_match&apos;: [$&lt;read_dataframe_from_xls&gt; =&gt; &lt;single_row_or_col_df_to_dict&gt;$]}},
 &apos;.yaml&apos;: {&apos;AnyObject&apos;: {&apos;1_exact_match&apos;: [&lt;read_object_from_yaml&gt;,
                                           $&lt;read_collection_from_yaml&gt; =&gt; &lt;dict_to_object&gt;$]},
           &apos;DataFrame&apos;: {&apos;1_exact_match&apos;: [$&lt;read_object_from_yaml&gt; =&gt; &lt;dict_to_df&gt;$,
                                           $&lt;read_collection_from_yaml&gt; =&gt; &lt;dict_to_df&gt;$,
                                           $&lt;read_object_from_yaml&gt; =&gt; &lt;merge_all_config_sections_into_a_single_dict&gt; -&gt; &lt;dict_to_df&gt;$,
                                           $&lt;read_object_from_yaml&gt; =&gt; &lt;config_to_dict_of_dict&gt; -&gt; &lt;dict_to_df&gt;$],
                         &apos;3_generic&apos;: [&lt;read_object_from_yaml&gt;]},
           &apos;Dict&apos;: {&apos;1_exact_match&apos;: [&lt;read_collection_from_yaml&gt;],
                    &apos;2_approx_match&apos;: [$&lt;read_object_from_yaml&gt; =&gt; &lt;single_row_or_col_df_to_dict&gt;$,
                                       $&lt;read_object_from_yaml&gt; =&gt; &lt;merge_all_config_sections_into_a_single_dict&gt;$,
                                       $&lt;read_object_from_yaml&gt; =&gt; &lt;config_to_dict_of_dict&gt;$],
                    &apos;3_generic&apos;: [&lt;read_object_from_yaml&gt;]},
           &apos;DictOfDict&apos;: {&apos;1_exact_match&apos;: [$&lt;read_object_from_yaml&gt; =&gt; &lt;config_to_dict_of_dict&gt;$],
                          &apos;3_generic&apos;: [&lt;read_object_from_yaml&gt;]},
           &apos;List&apos;: {&apos;1_exact_match&apos;: [&lt;read_collection_from_yaml&gt;],
                    &apos;3_generic&apos;: [&lt;read_object_from_yaml&gt;]},
           &apos;Series&apos;: {&apos;1_exact_match&apos;: [$&lt;read_object_from_yaml&gt; =&gt; &lt;single_row_or_col_df_to_series&gt;$,
                                        $&lt;read_object_from_yaml&gt; =&gt; &lt;dict_to_df&gt; -&gt; &lt;single_row_or_col_df_to_series&gt;$,
                                        $&lt;read_collection_from_yaml&gt; =&gt; &lt;dict_to_df&gt; -&gt; &lt;single_row_or_col_df_to_series&gt;$,
                                        $&lt;read_object_from_yaml&gt; =&gt; &lt;merge_all_config_sections_into_a_single_dict&gt; -&gt; &lt;dict_to_df&gt; -&gt; &lt;single_row_or_col_df_to_series&gt;$,
                                        $&lt;read_object_from_yaml&gt; =&gt; &lt;config_to_dict_of_dict&gt; -&gt; &lt;dict_to_df&gt; -&gt; &lt;single_row_or_col_df_to_series&gt;$],
                      &apos;3_generic&apos;: [&lt;read_object_from_yaml&gt;]},
           &apos;Set&apos;: {&apos;1_exact_match&apos;: [&lt;read_collection_from_yaml&gt;,
                                     $&lt;read_object_from_yaml&gt; =&gt; &lt;list_to_set&gt;$],
                   &apos;3_generic&apos;: [&lt;read_object_from_yaml&gt;]},
           &apos;Tuple&apos;: {&apos;1_exact_match&apos;: [&lt;read_collection_from_yaml&gt;,
                                       $&lt;read_object_from_yaml&gt; =&gt; &lt;list_to_tuple&gt;$],
                     &apos;3_generic&apos;: [&lt;read_object_from_yaml&gt;]},
           &apos;bool&apos;: {&apos;1_exact_match&apos;: [$&lt;read_object_from_yaml&gt; =&gt; &lt;float_to_bool&gt;$,
                                      $&lt;read_object_from_yaml&gt; =&gt; &lt;int_to_bool&gt;$,
                                      $&lt;read_object_from_yaml&gt; =&gt; &lt;str_to_bool&gt;$],
                    &apos;3_generic&apos;: [&lt;read_object_from_yaml&gt;]},
           &apos;dict&apos;: {&apos;1_exact_match&apos;: [$&lt;read_object_from_yaml&gt; =&gt; &lt;single_row_or_col_df_to_dict&gt;$,
                                      $&lt;read_object_from_yaml&gt; =&gt; &lt;merge_all_config_sections_into_a_single_dict&gt;$],
                    &apos;2_approx_match&apos;: [&lt;read_collection_from_yaml&gt;,
                                       $&lt;read_object_from_yaml&gt; =&gt; &lt;config_to_dict_of_dict&gt;$],
                    &apos;3_generic&apos;: [&lt;read_object_from_yaml&gt;]},
           &apos;float&apos;: {&apos;1_exact_match&apos;: [$&lt;read_object_from_yaml&gt; =&gt; &lt;bool_to_float&gt;$,
                                       $&lt;read_object_from_yaml&gt; =&gt; &lt;int_to_float&gt;$,
                                       $&lt;read_object_from_yaml&gt; =&gt; &lt;str_to_float&gt;$],
                     &apos;3_generic&apos;: [&lt;read_object_from_yaml&gt;]},
           &apos;int&apos;: {&apos;1_exact_match&apos;: [$&lt;read_object_from_yaml&gt; =&gt; &lt;bool_to_int&gt;$,
                                     $&lt;read_object_from_yaml&gt; =&gt; &lt;float_to_int&gt;$,
                                     $&lt;read_object_from_yaml&gt; =&gt; &lt;str_to_int&gt;$],
                   &apos;2_approx_match&apos;: [$&lt;read_object_from_yaml&gt; =&gt; &lt;float_to_bool&gt;$,
                                      $&lt;read_object_from_yaml&gt; =&gt; &lt;int_to_bool&gt;$,
                                      $&lt;read_object_from_yaml&gt; =&gt; &lt;str_to_bool&gt;$],
                   &apos;3_generic&apos;: [&lt;read_object_from_yaml&gt;]},
           &apos;str&apos;: {&apos;1_exact_match&apos;: [$&lt;read_object_from_yaml&gt; =&gt; &lt;bool_to_string&gt;$,
                                     $&lt;read_object_from_yaml&gt; =&gt; &lt;float_to_string&gt;$,
                                     $&lt;read_object_from_yaml&gt; =&gt; &lt;int_to_string&gt;$],
                   &apos;3_generic&apos;: [&lt;read_object_from_yaml&gt;]}},
 &apos;.yml&apos;: {&apos;AnyObject&apos;: {&apos;1_exact_match&apos;: [&lt;read_object_from_yaml&gt;,
                                          $&lt;read_collection_from_yaml&gt; =&gt; &lt;dict_to_object&gt;$]},
          &apos;DataFrame&apos;: {&apos;1_exact_match&apos;: [$&lt;read_object_from_yaml&gt; =&gt; &lt;dict_to_df&gt;$,
                                          $&lt;read_collection_from_yaml&gt; =&gt; &lt;dict_to_df&gt;$,
                                          $&lt;read_object_from_yaml&gt; =&gt; &lt;merge_all_config_sections_into_a_single_dict&gt; -&gt; &lt;dict_to_df&gt;$,
                                          $&lt;read_object_from_yaml&gt; =&gt; &lt;config_to_dict_of_dict&gt; -&gt; &lt;dict_to_df&gt;$],
                        &apos;3_generic&apos;: [&lt;read_object_from_yaml&gt;]},
          &apos;Dict&apos;: {&apos;1_exact_match&apos;: [&lt;read_collection_from_yaml&gt;],
                   &apos;2_approx_match&apos;: [$&lt;read_object_from_yaml&gt; =&gt; &lt;single_row_or_col_df_to_dict&gt;$,
                                      $&lt;read_object_from_yaml&gt; =&gt; &lt;merge_all_config_sections_into_a_single_dict&gt;$,
                                      $&lt;read_object_from_yaml&gt; =&gt; &lt;config_to_dict_of_dict&gt;$],
                   &apos;3_generic&apos;: [&lt;read_object_from_yaml&gt;]},
          &apos;DictOfDict&apos;: {&apos;1_exact_match&apos;: [$&lt;read_object_from_yaml&gt; =&gt; &lt;config_to_dict_of_dict&gt;$],
                         &apos;3_generic&apos;: [&lt;read_object_from_yaml&gt;]},
          &apos;List&apos;: {&apos;1_exact_match&apos;: [&lt;read_collection_from_yaml&gt;],
                   &apos;3_generic&apos;: [&lt;read_object_from_yaml&gt;]},
          &apos;Series&apos;: {&apos;1_exact_match&apos;: [$&lt;read_object_from_yaml&gt; =&gt; &lt;single_row_or_col_df_to_series&gt;$,
                                       $&lt;read_object_from_yaml&gt; =&gt; &lt;dict_to_df&gt; -&gt; &lt;single_row_or_col_df_to_series&gt;$,
                                       $&lt;read_collection_from_yaml&gt; =&gt; &lt;dict_to_df&gt; -&gt; &lt;single_row_or_col_df_to_series&gt;$,
                                       $&lt;read_object_from_yaml&gt; =&gt; &lt;merge_all_config_sections_into_a_single_dict&gt; -&gt; &lt;dict_to_df&gt; -&gt; &lt;single_row_or_col_df_to_series&gt;$,
                                       $&lt;read_object_from_yaml&gt; =&gt; &lt;config_to_dict_of_dict&gt; -&gt; &lt;dict_to_df&gt; -&gt; &lt;single_row_or_col_df_to_series&gt;$],
                     &apos;3_generic&apos;: [&lt;read_object_from_yaml&gt;]},
          &apos;Set&apos;: {&apos;1_exact_match&apos;: [&lt;read_collection_from_yaml&gt;,
                                    $&lt;read_object_from_yaml&gt; =&gt; &lt;list_to_set&gt;$],
                  &apos;3_generic&apos;: [&lt;read_object_from_yaml&gt;]},
          &apos;Tuple&apos;: {&apos;1_exact_match&apos;: [&lt;read_collection_from_yaml&gt;,
                                      $&lt;read_object_from_yaml&gt; =&gt; &lt;list_to_tuple&gt;$],
                    &apos;3_generic&apos;: [&lt;read_object_from_yaml&gt;]},
          &apos;bool&apos;: {&apos;1_exact_match&apos;: [$&lt;read_object_from_yaml&gt; =&gt; &lt;float_to_bool&gt;$,
                                     $&lt;read_object_from_yaml&gt; =&gt; &lt;int_to_bool&gt;$,
                                     $&lt;read_object_from_yaml&gt; =&gt; &lt;str_to_bool&gt;$],
                   &apos;3_generic&apos;: [&lt;read_object_from_yaml&gt;]},
          &apos;dict&apos;: {&apos;1_exact_match&apos;: [$&lt;read_object_from_yaml&gt; =&gt; &lt;single_row_or_col_df_to_dict&gt;$,
                                     $&lt;read_object_from_yaml&gt; =&gt; &lt;merge_all_config_sections_into_a_single_dict&gt;$],
                   &apos;2_approx_match&apos;: [&lt;read_collection_from_yaml&gt;,
                                      $&lt;read_object_from_yaml&gt; =&gt; &lt;config_to_dict_of_dict&gt;$],
                   &apos;3_generic&apos;: [&lt;read_object_from_yaml&gt;]},
          &apos;float&apos;: {&apos;1_exact_match&apos;: [$&lt;read_object_from_yaml&gt; =&gt; &lt;bool_to_float&gt;$,
                                      $&lt;read_object_from_yaml&gt; =&gt; &lt;int_to_float&gt;$,
                                      $&lt;read_object_from_yaml&gt; =&gt; &lt;str_to_float&gt;$],
                    &apos;3_generic&apos;: [&lt;read_object_from_yaml&gt;]},
          &apos;int&apos;: {&apos;1_exact_match&apos;: [$&lt;read_object_from_yaml&gt; =&gt; &lt;bool_to_int&gt;$,
                                    $&lt;read_object_from_yaml&gt; =&gt; &lt;float_to_int&gt;$,
                                    $&lt;read_object_from_yaml&gt; =&gt; &lt;str_to_int&gt;$],
                  &apos;2_approx_match&apos;: [$&lt;read_object_from_yaml&gt; =&gt; &lt;float_to_bool&gt;$,
                                     $&lt;read_object_from_yaml&gt; =&gt; &lt;int_to_bool&gt;$,
                                     $&lt;read_object_from_yaml&gt; =&gt; &lt;str_to_bool&gt;$],
                  &apos;3_generic&apos;: [&lt;read_object_from_yaml&gt;]},
          &apos;str&apos;: {&apos;1_exact_match&apos;: [$&lt;read_object_from_yaml&gt; =&gt; &lt;bool_to_string&gt;$,
                                    $&lt;read_object_from_yaml&gt; =&gt; &lt;float_to_string&gt;$,
                                    $&lt;read_object_from_yaml&gt; =&gt; &lt;int_to_string&gt;$],
                  &apos;3_generic&apos;: [&lt;read_object_from_yaml&gt;]}},
 &apos;&lt;multifile&gt;&apos;: {&apos;AnyObject&apos;: {&apos;1_exact_match&apos;: [Multifile Object parser (parsyfiles defaults)]},
                 &apos;DataFrame&apos;: {},
                 &apos;Dict&apos;: {&apos;1_exact_match&apos;: [Multifile Collection parser (parsyfiles defaults)]},
                 &apos;DictOfDict&apos;: {},
                 &apos;List&apos;: {&apos;1_exact_match&apos;: [Multifile Collection parser (parsyfiles defaults)]},
                 &apos;Series&apos;: {},
                 &apos;Set&apos;: {&apos;1_exact_match&apos;: [Multifile Collection parser (parsyfiles defaults)]},
                 &apos;Tuple&apos;: {&apos;1_exact_match&apos;: [Multifile Collection parser (parsyfiles defaults)]},
                 &apos;bool&apos;: {},
                 &apos;dict&apos;: {&apos;2_approx_match&apos;: [Multifile Collection parser (parsyfiles defaults)]},
                 &apos;float&apos;: {},
                 &apos;int&apos;: {},
                 &apos;str&apos;: {}}}


</system-out></testcase><testcase classname="parsyfiles.tests.combining_parsers_converters.test_default_instance" file="parsyfiles/tests/combining_parsers_converters/test_default_instance.py" line="139" name="test_print_and_get_capabilities_by_type" time="3.818913459777832"><system-out>
15 Root parser capabilities by type:

Capabilities by object type: 
{&apos;AnyObject&apos;: {&apos;.cfg&apos;: {&apos;1_exact_match&apos;: [$&lt;read_config&gt; =&gt; &lt;merge_all_config_sections_into_a_single_dict&gt; -&gt; &lt;dict_to_object&gt;$,
                                          $&lt;read_config&gt; =&gt; &lt;config_to_dict_of_dict&gt; -&gt; &lt;dict_of_dict_to_object&gt;$,
                                          $&lt;read_config&gt; =&gt; &lt;config_to_dict_of_dict&gt; -&gt; &lt;dict_to_object&gt;$]},
               &apos;.csv&apos;: {&apos;1_exact_match&apos;: [$&lt;read_df_or_series_from_csv&gt; =&gt; &lt;single_row_or_col_df_to_dict&gt; -&gt; &lt;dict_to_object&gt;$]},
               &apos;.ini&apos;: {&apos;1_exact_match&apos;: [$&lt;read_config&gt; =&gt; &lt;merge_all_config_sections_into_a_single_dict&gt; -&gt; &lt;dict_to_object&gt;$,
                                          $&lt;read_config&gt; =&gt; &lt;config_to_dict_of_dict&gt; -&gt; &lt;dict_of_dict_to_object&gt;$,
                                          $&lt;read_config&gt; =&gt; &lt;config_to_dict_of_dict&gt; -&gt; &lt;dict_to_object&gt;$]},
               &apos;.json&apos;: {&apos;1_exact_match&apos;: [$&lt;read_dict_or_list_from_json&gt; =&gt; &lt;dict_to_object&gt;$]},
               &apos;.properties&apos;: {&apos;1_exact_match&apos;: [$&lt;read_dict_from_properties&gt; =&gt; &lt;dict_to_object&gt;$]},
               &apos;.pyc&apos;: {&apos;1_exact_match&apos;: [&lt;read_object_from_pickle&gt;]},
               &apos;.txt&apos;: {&apos;1_exact_match&apos;: [$&lt;read_dict_from_properties&gt; =&gt; &lt;dict_to_object&gt;$,
                                          $&lt;read_str_from_txt&gt; =&gt; &lt;constructor_with_str_arg&gt;$,
                                          $&lt;read_str_from_txt&gt; =&gt; &lt;base64_ascii_str_pickle_to_object&gt;$,
                                          $&lt;read_df_or_series_from_csv&gt; =&gt; &lt;single_row_or_col_df_to_dict&gt; -&gt; &lt;dict_to_object&gt;$]},
               &apos;.xls&apos;: {&apos;1_exact_match&apos;: [$&lt;read_dataframe_from_xls&gt; =&gt; &lt;single_row_or_col_df_to_dict&gt; -&gt; &lt;dict_to_object&gt;$]},
               &apos;.xlsm&apos;: {&apos;1_exact_match&apos;: [$&lt;read_dataframe_from_xls&gt; =&gt; &lt;single_row_or_col_df_to_dict&gt; -&gt; &lt;dict_to_object&gt;$]},
               &apos;.xlsx&apos;: {&apos;1_exact_match&apos;: [$&lt;read_dataframe_from_xls&gt; =&gt; &lt;single_row_or_col_df_to_dict&gt; -&gt; &lt;dict_to_object&gt;$]},
               &apos;.yaml&apos;: {&apos;1_exact_match&apos;: [&lt;read_object_from_yaml&gt;,
                                           $&lt;read_collection_from_yaml&gt; =&gt; &lt;dict_to_object&gt;$]},
               &apos;.yml&apos;: {&apos;1_exact_match&apos;: [&lt;read_object_from_yaml&gt;,
                                          $&lt;read_collection_from_yaml&gt; =&gt; &lt;dict_to_object&gt;$]},
               &apos;&lt;multifile&gt;&apos;: {&apos;1_exact_match&apos;: [Multifile Object parser (parsyfiles defaults)]}},
 &apos;ConfigParser&apos;: {&apos;.cfg&apos;: {&apos;1_exact_match&apos;: [&lt;read_config&gt;]},
                  &apos;.csv&apos;: {},
                  &apos;.ini&apos;: {&apos;1_exact_match&apos;: [&lt;read_config&gt;]},
                  &apos;.json&apos;: {},
                  &apos;.properties&apos;: {},
                  &apos;.pyc&apos;: {&apos;3_generic&apos;: [&lt;read_object_from_pickle&gt;]},
                  &apos;.txt&apos;: {&apos;3_generic&apos;: [$&lt;read_str_from_txt&gt; =&gt; &lt;constructor_with_str_arg&gt;$,
                                         $&lt;read_str_from_txt&gt; =&gt; &lt;base64_ascii_str_pickle_to_object&gt;$]},
                  &apos;.xls&apos;: {},
                  &apos;.xlsm&apos;: {},
                  &apos;.xlsx&apos;: {},
                  &apos;.yaml&apos;: {&apos;3_generic&apos;: [&lt;read_object_from_yaml&gt;]},
                  &apos;.yml&apos;: {&apos;3_generic&apos;: [&lt;read_object_from_yaml&gt;]},
                  &apos;&lt;multifile&gt;&apos;: {}},
 &apos;DataFrame&apos;: {&apos;.cfg&apos;: {&apos;1_exact_match&apos;: [$&lt;read_config&gt; =&gt; &lt;merge_all_config_sections_into_a_single_dict&gt; -&gt; &lt;dict_to_df&gt;$,
                                          $&lt;read_config&gt; =&gt; &lt;config_to_dict_of_dict&gt; -&gt; &lt;dict_to_df&gt;$]},
               &apos;.csv&apos;: {&apos;1_exact_match&apos;: [&lt;read_df_or_series_from_csv&gt;]},
               &apos;.ini&apos;: {&apos;1_exact_match&apos;: [$&lt;read_config&gt; =&gt; &lt;merge_all_config_sections_into_a_single_dict&gt; -&gt; &lt;dict_to_df&gt;$,
                                          $&lt;read_config&gt; =&gt; &lt;config_to_dict_of_dict&gt; -&gt; &lt;dict_to_df&gt;$]},
               &apos;.json&apos;: {&apos;1_exact_match&apos;: [$&lt;read_dict_or_list_from_json&gt; =&gt; &lt;dict_to_df&gt;$]},
               &apos;.properties&apos;: {&apos;1_exact_match&apos;: [$&lt;read_dict_from_properties&gt; =&gt; &lt;dict_to_df&gt;$]},
               &apos;.pyc&apos;: {&apos;1_exact_match&apos;: [$&lt;read_object_from_pickle&gt; =&gt; &lt;dict_to_df&gt;$,
                                          $&lt;read_object_from_pickle&gt; =&gt; &lt;merge_all_config_sections_into_a_single_dict&gt; -&gt; &lt;dict_to_df&gt;$,
                                          $&lt;read_object_from_pickle&gt; =&gt; &lt;config_to_dict_of_dict&gt; -&gt; &lt;dict_to_df&gt;$],
                        &apos;3_generic&apos;: [&lt;read_object_from_pickle&gt;]},
               &apos;.txt&apos;: {&apos;1_exact_match&apos;: [&lt;read_df_or_series_from_csv&gt;,
                                          $&lt;read_dict_from_properties&gt; =&gt; &lt;dict_to_df&gt;$],
                        &apos;3_generic&apos;: [$&lt;read_str_from_txt&gt; =&gt; &lt;constructor_with_str_arg&gt;$,
                                      $&lt;read_str_from_txt&gt; =&gt; &lt;base64_ascii_str_pickle_to_object&gt;$]},
               &apos;.xls&apos;: {&apos;1_exact_match&apos;: [&lt;read_dataframe_from_xls&gt;]},
               &apos;.xlsm&apos;: {&apos;1_exact_match&apos;: [&lt;read_dataframe_from_xls&gt;]},
               &apos;.xlsx&apos;: {&apos;1_exact_match&apos;: [&lt;read_dataframe_from_xls&gt;]},
               &apos;.yaml&apos;: {&apos;1_exact_match&apos;: [$&lt;read_object_from_yaml&gt; =&gt; &lt;dict_to_df&gt;$,
                                           $&lt;read_collection_from_yaml&gt; =&gt; &lt;dict_to_df&gt;$,
                                           $&lt;read_object_from_yaml&gt; =&gt; &lt;merge_all_config_sections_into_a_single_dict&gt; -&gt; &lt;dict_to_df&gt;$,
                                           $&lt;read_object_from_yaml&gt; =&gt; &lt;config_to_dict_of_dict&gt; -&gt; &lt;dict_to_df&gt;$],
                         &apos;3_generic&apos;: [&lt;read_object_from_yaml&gt;]},
               &apos;.yml&apos;: {&apos;1_exact_match&apos;: [$&lt;read_object_from_yaml&gt; =&gt; &lt;dict_to_df&gt;$,
                                          $&lt;read_collection_from_yaml&gt; =&gt; &lt;dict_to_df&gt;$,
                                          $&lt;read_object_from_yaml&gt; =&gt; &lt;merge_all_config_sections_into_a_single_dict&gt; -&gt; &lt;dict_to_df&gt;$,
                                          $&lt;read_object_from_yaml&gt; =&gt; &lt;config_to_dict_of_dict&gt; -&gt; &lt;dict_to_df&gt;$],
                        &apos;3_generic&apos;: [&lt;read_object_from_yaml&gt;]},
               &apos;&lt;multifile&gt;&apos;: {}},
 &apos;Dict&apos;: {&apos;.cfg&apos;: {&apos;2_approx_match&apos;: [$&lt;read_config&gt; =&gt; &lt;merge_all_config_sections_into_a_single_dict&gt;$,
                                      $&lt;read_config&gt; =&gt; &lt;config_to_dict_of_dict&gt;$]},
          &apos;.csv&apos;: {&apos;2_approx_match&apos;: [$&lt;read_df_or_series_from_csv&gt; =&gt; &lt;single_row_or_col_df_to_dict&gt;$]},
          &apos;.ini&apos;: {&apos;2_approx_match&apos;: [$&lt;read_config&gt; =&gt; &lt;merge_all_config_sections_into_a_single_dict&gt;$,
                                      $&lt;read_config&gt; =&gt; &lt;config_to_dict_of_dict&gt;$]},
          &apos;.json&apos;: {&apos;2_approx_match&apos;: [&lt;read_dict_or_list_from_json&gt;]},
          &apos;.properties&apos;: {&apos;2_approx_match&apos;: [&lt;read_dict_from_properties&gt;]},
          &apos;.pyc&apos;: {&apos;2_approx_match&apos;: [$&lt;read_object_from_pickle&gt; =&gt; &lt;single_row_or_col_df_to_dict&gt;$,
                                      $&lt;read_object_from_pickle&gt; =&gt; &lt;merge_all_config_sections_into_a_single_dict&gt;$,
                                      $&lt;read_object_from_pickle&gt; =&gt; &lt;config_to_dict_of_dict&gt;$],
                   &apos;3_generic&apos;: [&lt;read_object_from_pickle&gt;]},
          &apos;.txt&apos;: {&apos;2_approx_match&apos;: [&lt;read_dict_from_properties&gt;,
                                      $&lt;read_df_or_series_from_csv&gt; =&gt; &lt;single_row_or_col_df_to_dict&gt;$],
                   &apos;3_generic&apos;: [$&lt;read_str_from_txt&gt; =&gt; &lt;constructor_with_str_arg&gt;$,
                                 $&lt;read_str_from_txt&gt; =&gt; &lt;base64_ascii_str_pickle_to_object&gt;$]},
          &apos;.xls&apos;: {&apos;2_approx_match&apos;: [$&lt;read_dataframe_from_xls&gt; =&gt; &lt;single_row_or_col_df_to_dict&gt;$]},
          &apos;.xlsm&apos;: {&apos;2_approx_match&apos;: [$&lt;read_dataframe_from_xls&gt; =&gt; &lt;single_row_or_col_df_to_dict&gt;$]},
          &apos;.xlsx&apos;: {&apos;2_approx_match&apos;: [$&lt;read_dataframe_from_xls&gt; =&gt; &lt;single_row_or_col_df_to_dict&gt;$]},
          &apos;.yaml&apos;: {&apos;1_exact_match&apos;: [&lt;read_collection_from_yaml&gt;],
                    &apos;2_approx_match&apos;: [$&lt;read_object_from_yaml&gt; =&gt; &lt;single_row_or_col_df_to_dict&gt;$,
                                       $&lt;read_object_from_yaml&gt; =&gt; &lt;merge_all_config_sections_into_a_single_dict&gt;$,
                                       $&lt;read_object_from_yaml&gt; =&gt; &lt;config_to_dict_of_dict&gt;$],
                    &apos;3_generic&apos;: [&lt;read_object_from_yaml&gt;]},
          &apos;.yml&apos;: {&apos;1_exact_match&apos;: [&lt;read_collection_from_yaml&gt;],
                   &apos;2_approx_match&apos;: [$&lt;read_object_from_yaml&gt; =&gt; &lt;single_row_or_col_df_to_dict&gt;$,
                                      $&lt;read_object_from_yaml&gt; =&gt; &lt;merge_all_config_sections_into_a_single_dict&gt;$,
                                      $&lt;read_object_from_yaml&gt; =&gt; &lt;config_to_dict_of_dict&gt;$],
                   &apos;3_generic&apos;: [&lt;read_object_from_yaml&gt;]},
          &apos;&lt;multifile&gt;&apos;: {&apos;1_exact_match&apos;: [Multifile Collection parser (parsyfiles defaults)]}},
 &apos;DictOfDict&apos;: {&apos;.cfg&apos;: {&apos;1_exact_match&apos;: [$&lt;read_config&gt; =&gt; &lt;config_to_dict_of_dict&gt;$]},
                &apos;.csv&apos;: {},
                &apos;.ini&apos;: {&apos;1_exact_match&apos;: [$&lt;read_config&gt; =&gt; &lt;config_to_dict_of_dict&gt;$]},
                &apos;.json&apos;: {},
                &apos;.properties&apos;: {},
                &apos;.pyc&apos;: {&apos;1_exact_match&apos;: [$&lt;read_object_from_pickle&gt; =&gt; &lt;config_to_dict_of_dict&gt;$],
                         &apos;3_generic&apos;: [&lt;read_object_from_pickle&gt;]},
                &apos;.txt&apos;: {&apos;3_generic&apos;: [$&lt;read_str_from_txt&gt; =&gt; &lt;constructor_with_str_arg&gt;$,
                                       $&lt;read_str_from_txt&gt; =&gt; &lt;base64_ascii_str_pickle_to_object&gt;$]},
                &apos;.xls&apos;: {},
                &apos;.xlsm&apos;: {},
                &apos;.xlsx&apos;: {},
                &apos;.yaml&apos;: {&apos;1_exact_match&apos;: [$&lt;read_object_from_yaml&gt; =&gt; &lt;config_to_dict_of_dict&gt;$],
                          &apos;3_generic&apos;: [&lt;read_object_from_yaml&gt;]},
                &apos;.yml&apos;: {&apos;1_exact_match&apos;: [$&lt;read_object_from_yaml&gt; =&gt; &lt;config_to_dict_of_dict&gt;$],
                         &apos;3_generic&apos;: [&lt;read_object_from_yaml&gt;]},
                &apos;&lt;multifile&gt;&apos;: {}},
 &apos;List&apos;: {&apos;.cfg&apos;: {},
          &apos;.csv&apos;: {},
          &apos;.ini&apos;: {},
          &apos;.json&apos;: {&apos;2_approx_match&apos;: [&lt;read_dict_or_list_from_json&gt;]},
          &apos;.properties&apos;: {},
          &apos;.pyc&apos;: {&apos;3_generic&apos;: [&lt;read_object_from_pickle&gt;]},
          &apos;.txt&apos;: {&apos;3_generic&apos;: [$&lt;read_str_from_txt&gt; =&gt; &lt;constructor_with_str_arg&gt;$,
                                 $&lt;read_str_from_txt&gt; =&gt; &lt;base64_ascii_str_pickle_to_object&gt;$]},
          &apos;.xls&apos;: {},
          &apos;.xlsm&apos;: {},
          &apos;.xlsx&apos;: {},
          &apos;.yaml&apos;: {&apos;1_exact_match&apos;: [&lt;read_collection_from_yaml&gt;],
                    &apos;3_generic&apos;: [&lt;read_object_from_yaml&gt;]},
          &apos;.yml&apos;: {&apos;1_exact_match&apos;: [&lt;read_collection_from_yaml&gt;],
                   &apos;3_generic&apos;: [&lt;read_object_from_yaml&gt;]},
          &apos;&lt;multifile&gt;&apos;: {&apos;1_exact_match&apos;: [Multifile Collection parser (parsyfiles defaults)]}},
 &apos;Series&apos;: {&apos;.cfg&apos;: {&apos;1_exact_match&apos;: [$&lt;read_config&gt; =&gt; &lt;merge_all_config_sections_into_a_single_dict&gt; -&gt; &lt;dict_to_df&gt; -&gt; &lt;single_row_or_col_df_to_series&gt;$,
                                       $&lt;read_config&gt; =&gt; &lt;config_to_dict_of_dict&gt; -&gt; &lt;dict_to_df&gt; -&gt; &lt;single_row_or_col_df_to_series&gt;$]},
            &apos;.csv&apos;: {&apos;1_exact_match&apos;: [&lt;read_df_or_series_from_csv&gt;]},
            &apos;.ini&apos;: {&apos;1_exact_match&apos;: [$&lt;read_config&gt; =&gt; &lt;merge_all_config_sections_into_a_single_dict&gt; -&gt; &lt;dict_to_df&gt; -&gt; &lt;single_row_or_col_df_to_series&gt;$,
                                       $&lt;read_config&gt; =&gt; &lt;config_to_dict_of_dict&gt; -&gt; &lt;dict_to_df&gt; -&gt; &lt;single_row_or_col_df_to_series&gt;$]},
            &apos;.json&apos;: {&apos;1_exact_match&apos;: [$&lt;read_dict_or_list_from_json&gt; =&gt; &lt;dict_to_df&gt; -&gt; &lt;single_row_or_col_df_to_series&gt;$]},
            &apos;.properties&apos;: {&apos;1_exact_match&apos;: [$&lt;read_dict_from_properties&gt; =&gt; &lt;dict_to_df&gt; -&gt; &lt;single_row_or_col_df_to_series&gt;$]},
            &apos;.pyc&apos;: {&apos;1_exact_match&apos;: [$&lt;read_object_from_pickle&gt; =&gt; &lt;single_row_or_col_df_to_series&gt;$,
                                       $&lt;read_object_from_pickle&gt; =&gt; &lt;dict_to_df&gt; -&gt; &lt;single_row_or_col_df_to_series&gt;$,
                                       $&lt;read_object_from_pickle&gt; =&gt; &lt;merge_all_config_sections_into_a_single_dict&gt; -&gt; &lt;dict_to_df&gt; -&gt; &lt;single_row_or_col_df_to_series&gt;$,
                                       $&lt;read_object_from_pickle&gt; =&gt; &lt;config_to_dict_of_dict&gt; -&gt; &lt;dict_to_df&gt; -&gt; &lt;single_row_or_col_df_to_series&gt;$],
                     &apos;3_generic&apos;: [&lt;read_object_from_pickle&gt;]},
            &apos;.txt&apos;: {&apos;1_exact_match&apos;: [&lt;read_df_or_series_from_csv&gt;,
                                       $&lt;read_dict_from_properties&gt; =&gt; &lt;dict_to_df&gt; -&gt; &lt;single_row_or_col_df_to_series&gt;$],
                     &apos;3_generic&apos;: [$&lt;read_str_from_txt&gt; =&gt; &lt;constructor_with_str_arg&gt;$,
                                   $&lt;read_str_from_txt&gt; =&gt; &lt;base64_ascii_str_pickle_to_object&gt;$]},
            &apos;.xls&apos;: {&apos;1_exact_match&apos;: [$&lt;read_dataframe_from_xls&gt; =&gt; &lt;single_row_or_col_df_to_series&gt;$]},
            &apos;.xlsm&apos;: {&apos;1_exact_match&apos;: [$&lt;read_dataframe_from_xls&gt; =&gt; &lt;single_row_or_col_df_to_series&gt;$]},
            &apos;.xlsx&apos;: {&apos;1_exact_match&apos;: [$&lt;read_dataframe_from_xls&gt; =&gt; &lt;single_row_or_col_df_to_series&gt;$]},
            &apos;.yaml&apos;: {&apos;1_exact_match&apos;: [$&lt;read_object_from_yaml&gt; =&gt; &lt;single_row_or_col_df_to_series&gt;$,
                                        $&lt;read_object_from_yaml&gt; =&gt; &lt;dict_to_df&gt; -&gt; &lt;single_row_or_col_df_to_series&gt;$,
                                        $&lt;read_collection_from_yaml&gt; =&gt; &lt;dict_to_df&gt; -&gt; &lt;single_row_or_col_df_to_series&gt;$,
                                        $&lt;read_object_from_yaml&gt; =&gt; &lt;merge_all_config_sections_into_a_single_dict&gt; -&gt; &lt;dict_to_df&gt; -&gt; &lt;single_row_or_col_df_to_series&gt;$,
                                        $&lt;read_object_from_yaml&gt; =&gt; &lt;config_to_dict_of_dict&gt; -&gt; &lt;dict_to_df&gt; -&gt; &lt;single_row_or_col_df_to_series&gt;$],
                      &apos;3_generic&apos;: [&lt;read_object_from_yaml&gt;]},
            &apos;.yml&apos;: {&apos;1_exact_match&apos;: [$&lt;read_object_from_yaml&gt; =&gt; &lt;single_row_or_col_df_to_series&gt;$,
                                       $&lt;read_object_from_yaml&gt; =&gt; &lt;dict_to_df&gt; -&gt; &lt;single_row_or_col_df_to_series&gt;$,
                                       $&lt;read_collection_from_yaml&gt; =&gt; &lt;dict_to_df&gt; -&gt; &lt;single_row_or_col_df_to_series&gt;$,
                                       $&lt;read_object_from_yaml&gt; =&gt; &lt;merge_all_config_sections_into_a_single_dict&gt; -&gt; &lt;dict_to_df&gt; -&gt; &lt;single_row_or_col_df_to_series&gt;$,
                                       $&lt;read_object_from_yaml&gt; =&gt; &lt;config_to_dict_of_dict&gt; -&gt; &lt;dict_to_df&gt; -&gt; &lt;single_row_or_col_df_to_series&gt;$],
                     &apos;3_generic&apos;: [&lt;read_object_from_yaml&gt;]},
            &apos;&lt;multifile&gt;&apos;: {}},
 &apos;Set&apos;: {&apos;.cfg&apos;: {},
         &apos;.csv&apos;: {},
         &apos;.ini&apos;: {},
         &apos;.json&apos;: {&apos;1_exact_match&apos;: [$&lt;read_dict_or_list_from_json&gt; =&gt; &lt;list_to_set&gt;$]},
         &apos;.properties&apos;: {},
         &apos;.pyc&apos;: {&apos;1_exact_match&apos;: [$&lt;read_object_from_pickle&gt; =&gt; &lt;list_to_set&gt;$],
                  &apos;3_generic&apos;: [&lt;read_object_from_pickle&gt;]},
         &apos;.txt&apos;: {&apos;1_exact_match&apos;: [$&lt;read_str_from_txt&gt; =&gt; &lt;base64_ascii_str_pickle_to_object&gt; -&gt; &lt;list_to_set&gt;$],
                  &apos;3_generic&apos;: [$&lt;read_str_from_txt&gt; =&gt; &lt;constructor_with_str_arg&gt;$,
                                $&lt;read_str_from_txt&gt; =&gt; &lt;base64_ascii_str_pickle_to_object&gt;$]},
         &apos;.xls&apos;: {},
         &apos;.xlsm&apos;: {},
         &apos;.xlsx&apos;: {},
         &apos;.yaml&apos;: {&apos;1_exact_match&apos;: [&lt;read_collection_from_yaml&gt;,
                                     $&lt;read_object_from_yaml&gt; =&gt; &lt;list_to_set&gt;$],
                   &apos;3_generic&apos;: [&lt;read_object_from_yaml&gt;]},
         &apos;.yml&apos;: {&apos;1_exact_match&apos;: [&lt;read_collection_from_yaml&gt;,
                                    $&lt;read_object_from_yaml&gt; =&gt; &lt;list_to_set&gt;$],
                  &apos;3_generic&apos;: [&lt;read_object_from_yaml&gt;]},
         &apos;&lt;multifile&gt;&apos;: {&apos;1_exact_match&apos;: [Multifile Collection parser (parsyfiles defaults)]}},
 &apos;Tuple&apos;: {&apos;.cfg&apos;: {},
           &apos;.csv&apos;: {},
           &apos;.ini&apos;: {},
           &apos;.json&apos;: {&apos;1_exact_match&apos;: [$&lt;read_dict_or_list_from_json&gt; =&gt; &lt;list_to_tuple&gt;$]},
           &apos;.properties&apos;: {},
           &apos;.pyc&apos;: {&apos;1_exact_match&apos;: [$&lt;read_object_from_pickle&gt; =&gt; &lt;list_to_tuple&gt;$],
                    &apos;3_generic&apos;: [&lt;read_object_from_pickle&gt;]},
           &apos;.txt&apos;: {&apos;1_exact_match&apos;: [$&lt;read_str_from_txt&gt; =&gt; &lt;base64_ascii_str_pickle_to_object&gt; -&gt; &lt;list_to_tuple&gt;$],
                    &apos;3_generic&apos;: [$&lt;read_str_from_txt&gt; =&gt; &lt;constructor_with_str_arg&gt;$,
                                  $&lt;read_str_from_txt&gt; =&gt; &lt;base64_ascii_str_pickle_to_object&gt;$]},
           &apos;.xls&apos;: {},
           &apos;.xlsm&apos;: {},
           &apos;.xlsx&apos;: {},
           &apos;.yaml&apos;: {&apos;1_exact_match&apos;: [&lt;read_collection_from_yaml&gt;,
                                       $&lt;read_object_from_yaml&gt; =&gt; &lt;list_to_tuple&gt;$],
                     &apos;3_generic&apos;: [&lt;read_object_from_yaml&gt;]},
           &apos;.yml&apos;: {&apos;1_exact_match&apos;: [&lt;read_collection_from_yaml&gt;,
                                      $&lt;read_object_from_yaml&gt; =&gt; &lt;list_to_tuple&gt;$],
                    &apos;3_generic&apos;: [&lt;read_object_from_yaml&gt;]},
           &apos;&lt;multifile&gt;&apos;: {&apos;1_exact_match&apos;: [Multifile Collection parser (parsyfiles defaults)]}},
 &apos;bool&apos;: {&apos;.cfg&apos;: {},
          &apos;.csv&apos;: {},
          &apos;.ini&apos;: {},
          &apos;.json&apos;: {},
          &apos;.properties&apos;: {},
          &apos;.pyc&apos;: {&apos;1_exact_match&apos;: [$&lt;read_object_from_pickle&gt; =&gt; &lt;float_to_bool&gt;$,
                                     $&lt;read_object_from_pickle&gt; =&gt; &lt;int_to_bool&gt;$,
                                     $&lt;read_object_from_pickle&gt; =&gt; &lt;str_to_bool&gt;$],
                   &apos;3_generic&apos;: [&lt;read_object_from_pickle&gt;]},
          &apos;.txt&apos;: {&apos;1_exact_match&apos;: [$&lt;read_str_from_txt&gt; =&gt; &lt;str_to_bool&gt;$,
                                     $&lt;read_str_from_txt&gt; =&gt; &lt;base64_ascii_str_pickle_to_object&gt; -&gt; &lt;float_to_bool&gt;$,
                                     $&lt;read_str_from_txt&gt; =&gt; &lt;base64_ascii_str_pickle_to_object&gt; -&gt; &lt;int_to_bool&gt;$,
                                     $&lt;read_str_from_txt&gt; =&gt; &lt;base64_ascii_str_pickle_to_object&gt; -&gt; &lt;str_to_bool&gt;$],
                   &apos;3_generic&apos;: [$&lt;read_str_from_txt&gt; =&gt; &lt;base64_ascii_str_pickle_to_object&gt;$]},
          &apos;.xls&apos;: {},
          &apos;.xlsm&apos;: {},
          &apos;.xlsx&apos;: {},
          &apos;.yaml&apos;: {&apos;1_exact_match&apos;: [$&lt;read_object_from_yaml&gt; =&gt; &lt;float_to_bool&gt;$,
                                      $&lt;read_object_from_yaml&gt; =&gt; &lt;int_to_bool&gt;$,
                                      $&lt;read_object_from_yaml&gt; =&gt; &lt;str_to_bool&gt;$],
                    &apos;3_generic&apos;: [&lt;read_object_from_yaml&gt;]},
          &apos;.yml&apos;: {&apos;1_exact_match&apos;: [$&lt;read_object_from_yaml&gt; =&gt; &lt;float_to_bool&gt;$,
                                     $&lt;read_object_from_yaml&gt; =&gt; &lt;int_to_bool&gt;$,
                                     $&lt;read_object_from_yaml&gt; =&gt; &lt;str_to_bool&gt;$],
                   &apos;3_generic&apos;: [&lt;read_object_from_yaml&gt;]},
          &apos;&lt;multifile&gt;&apos;: {}},
 &apos;dict&apos;: {&apos;.cfg&apos;: {&apos;1_exact_match&apos;: [$&lt;read_config&gt; =&gt; &lt;merge_all_config_sections_into_a_single_dict&gt;$],
                   &apos;2_approx_match&apos;: [$&lt;read_config&gt; =&gt; &lt;config_to_dict_of_dict&gt;$]},
          &apos;.csv&apos;: {&apos;1_exact_match&apos;: [$&lt;read_df_or_series_from_csv&gt; =&gt; &lt;single_row_or_col_df_to_dict&gt;$]},
          &apos;.ini&apos;: {&apos;1_exact_match&apos;: [$&lt;read_config&gt; =&gt; &lt;merge_all_config_sections_into_a_single_dict&gt;$],
                   &apos;2_approx_match&apos;: [$&lt;read_config&gt; =&gt; &lt;config_to_dict_of_dict&gt;$]},
          &apos;.json&apos;: {&apos;1_exact_match&apos;: [&lt;read_dict_or_list_from_json&gt;]},
          &apos;.properties&apos;: {&apos;1_exact_match&apos;: [&lt;read_dict_from_properties&gt;]},
          &apos;.pyc&apos;: {&apos;1_exact_match&apos;: [$&lt;read_object_from_pickle&gt; =&gt; &lt;single_row_or_col_df_to_dict&gt;$,
[...]
SUCCESS parsed [/home/travis/build/smarie/python-parsyfiles/parsyfiles/tests/pytest_integration/../parsing_capabilities_by_type/objects_data/test_sum_4.yaml] as a [ExecOpTest] successfully. Parser used was [$&lt;read_collection_from_yaml&gt; =&gt; &lt;dict_to_object&gt;$]
2.0 + 5.0 =? 7.0
</system-out></testcase><testcase classname="parsyfiles.tests.pytest_integration.test_pytest" file="parsyfiles/tests/pytest_integration/test_pytest.py" line="18" name="test_simple_objects[test_sum_5]" time="0.011887311935424805"><system-out>ERROR while parsing [/home/travis/build/smarie/python-parsyfiles/parsyfiles/tests/pytest_integration/../parsing_capabilities_by_type/objects_data/test_sum_5.yaml] into a [ExecOpTest] using [&lt;read_object_from_yaml&gt;]. Set log level to DEBUG for details
Rebuilding local parsing plan with next candidate parser: $&lt;read_collection_from_yaml&gt; =&gt; &lt;dict_to_object&gt;$
DONE Rebuilding local parsing plan for [/home/travis/build/smarie/python-parsyfiles/parsyfiles/tests/pytest_integration/../parsing_capabilities_by_type/objects_data/test_sum_5.yaml]. Resuming parsing...
SUCCESS parsed [/home/travis/build/smarie/python-parsyfiles/parsyfiles/tests/pytest_integration/../parsing_capabilities_by_type/objects_data/test_sum_5.yaml] as a [ExecOpTest] successfully. Parser used was [$&lt;read_collection_from_yaml&gt; =&gt; &lt;dict_to_object&gt;$]
1.0 + 5.0 =? 6.0
</system-out></testcase><testcase classname="parsyfiles.tests.pytest_integration.test_pytest" file="parsyfiles/tests/pytest_integration/test_pytest.py" line="18" name="test_simple_objects[test_sum_6]" time="0.013986587524414062"><system-out>SUCCESS parsed [/home/travis/build/smarie/python-parsyfiles/parsyfiles/tests/pytest_integration/../parsing_capabilities_by_type/objects_data/test_sum_6.xlsx] as a [ExecOpTest] successfully. Parser used was [$&lt;read_dataframe_from_xls&gt; =&gt; &lt;single_row_or_col_df_to_dict&gt; -&gt; &lt;dict_to_object&gt;$]
56.0 + 13.0 =? 69.0
</system-out></testcase><testcase classname="parsyfiles.tests.pytest_integration.test_pytest" file="parsyfiles/tests/pytest_integration/test_pytest.py" line="18" name="test_simple_objects[test_sum_7]" time="0.013838052749633789"><system-out>SUCCESS parsed [/home/travis/build/smarie/python-parsyfiles/parsyfiles/tests/pytest_integration/../parsing_capabilities_by_type/objects_data/test_sum_7.xlsm] as a [ExecOpTest] successfully. Parser used was [$&lt;read_dataframe_from_xls&gt; =&gt; &lt;single_row_or_col_df_to_dict&gt; -&gt; &lt;dict_to_object&gt;$]
56.0 + 14.0 =? 70.0
</system-out></testcase><testcase classname="parsyfiles.tests.pytest_integration.test_pytest" file="parsyfiles/tests/pytest_integration/test_pytest.py" line="18" name="test_simple_objects[test_sum_8]" time="0.019073963165283203"><system-out>SUCCESS parsed [/home/travis/build/smarie/python-parsyfiles/parsyfiles/tests/pytest_integration/../parsing_capabilities_by_type/objects_data/test_sum_8.xls] as a [ExecOpTest] successfully. Parser used was [$&lt;read_dataframe_from_xls&gt; =&gt; &lt;single_row_or_col_df_to_dict&gt; -&gt; &lt;dict_to_object&gt;$]
56.0 + 12.0 =? 68.0
</system-out></testcase><testcase classname="parsyfiles.tests.unittests.test_type_inspection_tools" file="parsyfiles/tests/unittests/test_type_inspection_tools.py" line="36" name="test_robust_isinstance[r-&lt;class &apos;str&apos;&gt;-True]" time="0.0022382736206054688"></testcase><testcase classname="parsyfiles.tests.unittests.test_type_inspection_tools" file="parsyfiles/tests/unittests/test_type_inspection_tools.py" line="36" name="test_robust_isinstance[r-&lt;class &apos;int&apos;&gt;-False]" time="0.002826213836669922"></testcase><testcase classname="parsyfiles.tests.unittests.test_type_inspection_tools" file="parsyfiles/tests/unittests/test_type_inspection_tools.py" line="36" name="test_robust_isinstance[[]-typing.List-True]" time="0.002354860305786133"></testcase><testcase classname="parsyfiles.tests.unittests.test_type_inspection_tools" file="parsyfiles/tests/unittests/test_type_inspection_tools.py" line="36" name="test_robust_isinstance[[]-typing.Set-False]" time="0.002157449722290039"></testcase><testcase classname="parsyfiles.tests.unittests.test_type_inspection_tools" file="parsyfiles/tests/unittests/test_type_inspection_tools.py" line="36" name="test_robust_isinstance[{1: 2}-typing.Dict-True]" time="0.0028328895568847656"></testcase><testcase classname="parsyfiles.tests.unittests.test_type_inspection_tools" file="parsyfiles/tests/unittests/test_type_inspection_tools.py" line="36" name="test_robust_isinstance[set()-typing.Set-True]" time="0.0038475990295410156"></testcase><testcase classname="parsyfiles.tests.unittests.test_type_inspection_tools" file="parsyfiles/tests/unittests/test_type_inspection_tools.py" line="36" name="test_robust_isinstance[~T-typing.TypeVar-True]" time="0.002637147903442383"></testcase><testcase classname="parsyfiles.tests.unittests.test_type_inspection_tools" file="parsyfiles/tests/unittests/test_type_inspection_tools.py" line="36" name="test_robust_isinstance[~T-&lt;class &apos;str&apos;&gt;-False]" time="0.0020494461059570312"></testcase><testcase classname="parsyfiles.tests.unittests.test_type_inspection_tools" file="parsyfiles/tests/unittests/test_type_inspection_tools.py" line="36" name="test_robust_isinstance[(1, 2)-typing.Tuple-True]" time="0.002912759780883789"></testcase><testcase classname="parsyfiles.tests.unittests.test_type_inspection_tools" file="parsyfiles/tests/unittests/test_type_inspection_tools.py" line="36" name="test_robust_isinstance[[]-typing.Union[typing.Any, str]-True]" time="0.002002716064453125"></testcase><testcase classname="parsyfiles.tests.unittests.test_type_inspection_tools" file="parsyfiles/tests/unittests/test_type_inspection_tools.py" line="36" name="test_robust_isinstance[&lt;function &lt;lambda&gt; at 0x7f05a70fa9d8&gt;-typing.Callable-True]" time="0.0021066665649414062"></testcase><testcase classname="parsyfiles.tests.unittests.test_type_inspection_tools" file="parsyfiles/tests/unittests/test_type_inspection_tools.py" line="36" name="test_robust_isinstance[&lt;function &lt;lambda&gt; at 0x7f05a70fa950&gt;-typing.Tuple-False]" time="0.002398967742919922"></testcase><testcase classname="parsyfiles.tests.unittests.test_type_inspection_tools" file="parsyfiles/tests/unittests/test_type_inspection_tools.py" line="36" name="test_robust_isinstance[(1, 2)-typing.Tuple[numbers.Integral, numbers.Integral]-True]" time="0.0033593177795410156"></testcase><testcase classname="parsyfiles.tests.unittests.test_type_inspection_tools" file="parsyfiles/tests/unittests/test_type_inspection_tools.py" line="36" name="test_robust_isinstance[(1, 2)-typing.Tuple[str, str]-True]" time="0.001993894577026367"></testcase><testcase classname="parsyfiles.tests.unittests.test_type_inspection_tools" file="parsyfiles/tests/unittests/test_type_inspection_tools.py" line="36" name="test_robust_isinstance[[&apos;r&apos;, None]-typing.List[str]-True]" time="0.00189208984375"></testcase><testcase classname="parsyfiles.tests.unittests.test_type_inspection_tools" file="parsyfiles/tests/unittests/test_type_inspection_tools.py" line="36" name="test_robust_isinstance[{1: 2}-typing.Dict[typing.Any, typing.Any]-True]" time="0.002822399139404297"></testcase><testcase classname="parsyfiles.tests.unittests.test_type_inspection_tools" file="parsyfiles/tests/unittests/test_type_inspection_tools.py" line="36" name="test_robust_isinstance[{1: 2}-typing.Set[typing.Any]-False]" time="0.0017902851104736328"></testcase><testcase classname="parsyfiles.tests.unittests.test_type_inspection_tools" file="parsyfiles/tests/unittests/test_type_inspection_tools.py" line="36" name="test_robust_isinstance[set()-typing.Set[str]-True]" time="0.0026853084564208984"></testcase><testcase classname="parsyfiles.tests.unittests.test_type_inspection_tools" file="parsyfiles/tests/unittests/test_type_inspection_tools.py" line="62" name="test_get_base_generic_type[&lt;class &apos;str&apos;&gt;-&lt;class &apos;str&apos;&gt;]" time="0.0020389556884765625"></testcase><testcase classname="parsyfiles.tests.unittests.test_type_inspection_tools" file="parsyfiles/tests/unittests/test_type_inspection_tools.py" line="62" name="test_get_base_generic_type[&lt;class &apos;int&apos;&gt;-&lt;class &apos;int&apos;&gt;]" time="0.0019419193267822266"></testcase><testcase classname="parsyfiles.tests.unittests.test_type_inspection_tools" file="parsyfiles/tests/unittests/test_type_inspection_tools.py" line="62" name="test_get_base_generic_type[typing.Dict-typing.Dict]" time="0.002063751220703125"></testcase><testcase classname="parsyfiles.tests.unittests.test_type_inspection_tools" file="parsyfiles/tests/unittests/test_type_inspection_tools.py" line="62" name="test_get_base_generic_type[typing.List-typing.List]" time="0.0020532608032226562"></testcase><testcase classname="parsyfiles.tests.unittests.test_type_inspection_tools" file="parsyfiles/tests/unittests/test_type_inspection_tools.py" line="62" name="test_get_base_generic_type[typing.Set-typing.Set]" time="0.002270221710205078"></testcase><testcase classname="parsyfiles.tests.unittests.test_type_inspection_tools" file="parsyfiles/tests/unittests/test_type_inspection_tools.py" line="62" name="test_get_base_generic_type[typing.Tuple-typing.Tuple]" time="0.0025599002838134766"></testcase><testcase classname="parsyfiles.tests.unittests.test_type_inspection_tools" file="parsyfiles/tests/unittests/test_type_inspection_tools.py" line="62" name="test_get_base_generic_type[typing.Dict[str, int]-typing.Dict]" time="0.0025708675384521484"></testcase><testcase classname="parsyfiles.tests.unittests.test_type_inspection_tools" file="parsyfiles/tests/unittests/test_type_inspection_tools.py" line="62" name="test_get_base_generic_type[typing.List[typing.List[str]]-typing.List]" time="0.0019414424896240234"></testcase><testcase classname="parsyfiles.tests.unittests.test_type_inspection_tools" file="parsyfiles/tests/unittests/test_type_inspection_tools.py" line="62" name="test_get_base_generic_type[typing.Set[str]-typing.Set]" time="0.002126932144165039"></testcase><testcase classname="parsyfiles.tests.unittests.test_type_inspection_tools" file="parsyfiles/tests/unittests/test_type_inspection_tools.py" line="62" name="test_get_base_generic_type[typing.Tuple[int, str]-typing.Tuple]" time="0.0019249916076660156"></testcase><testcase classname="parsyfiles.tests.unittests.test_type_inspection_tools" file="parsyfiles/tests/unittests/test_type_inspection_tools.py" line="62" name="test_get_base_generic_type[typing.Any-typing.Any]" time="0.0021708011627197266"></testcase><testcase classname="parsyfiles.tests.unittests.test_type_inspection_tools" file="parsyfiles/tests/unittests/test_type_inspection_tools.py" line="62" name="test_get_base_generic_type[typing.Union-typing.Union]" time="0.002483367919921875"></testcase><testcase classname="parsyfiles.tests.unittests.test_type_inspection_tools" file="parsyfiles/tests/unittests/test_type_inspection_tools.py" line="62" name="test_get_base_generic_type[typing.Union[typing.Any, NoneType]-typing.Union]" time="0.0018658638000488281"></testcase><testcase classname="parsyfiles.tests.unittests.test_type_inspection_tools" file="parsyfiles/tests/unittests/test_type_inspection_tools.py" line="118" name="test_is_collection[&lt;class &apos;str&apos;&gt;-True-False]" time="0.003092050552368164"></testcase><testcase classname="parsyfiles.tests.unittests.test_type_inspection_tools" file="parsyfiles/tests/unittests/test_type_inspection_tools.py" line="118" name="test_is_collection[&lt;class &apos;int&apos;&gt;-False-False]" time="0.002940654754638672"></testcase><testcase classname="parsyfiles.tests.unittests.test_type_inspection_tools" file="parsyfiles/tests/unittests/test_type_inspection_tools.py" line="118" name="test_is_collection[&lt;class &apos;list&apos;&gt;-True-True]" time="0.0028913021087646484"></testcase><testcase classname="parsyfiles.tests.unittests.test_type_inspection_tools" file="parsyfiles/tests/unittests/test_type_inspection_tools.py" line="118" name="test_is_collection[&lt;class &apos;list&apos;&gt;-False-True]" time="0.00220489501953125"></testcase><testcase classname="parsyfiles.tests.unittests.test_type_inspection_tools" file="parsyfiles/tests/unittests/test_type_inspection_tools.py" line="118" name="test_is_collection[&lt;class &apos;set&apos;&gt;-True-True]" time="0.002724885940551758"></testcase><testcase classname="parsyfiles.tests.unittests.test_type_inspection_tools" file="parsyfiles/tests/unittests/test_type_inspection_tools.py" line="118" name="test_is_collection[&lt;class &apos;dict&apos;&gt;-True-True]" time="0.002044677734375"></testcase><testcase classname="parsyfiles.tests.unittests.test_type_inspection_tools" file="parsyfiles/tests/unittests/test_type_inspection_tools.py" line="118" name="test_is_collection[&lt;class &apos;tuple&apos;&gt;-True-True]" time="0.002074003219604492"></testcase><testcase classname="parsyfiles.tests.unittests.test_type_inspection_tools" file="parsyfiles/tests/unittests/test_type_inspection_tools.py" line="118" name="test_is_collection[typing.Dict-True-True]" time="0.002283811569213867"></testcase><testcase classname="parsyfiles.tests.unittests.test_type_inspection_tools" file="parsyfiles/tests/unittests/test_type_inspection_tools.py" line="118" name="test_is_collection[typing.List-True-True]" time="0.002830028533935547"></testcase><testcase classname="parsyfiles.tests.unittests.test_type_inspection_tools" file="parsyfiles/tests/unittests/test_type_inspection_tools.py" line="118" name="test_is_collection[typing.Set-True-True]" time="0.002576589584350586"></testcase><testcase classname="parsyfiles.tests.unittests.test_type_inspection_tools" file="parsyfiles/tests/unittests/test_type_inspection_tools.py" line="118" name="test_is_collection[typing.Tuple-True-True]" time="0.0026633739471435547"></testcase><testcase classname="parsyfiles.tests.unittests.test_type_inspection_tools" file="parsyfiles/tests/unittests/test_type_inspection_tools.py" line="118" name="test_is_collection[typing.Dict[str, int]-True-True]" time="0.10518503189086914"></testcase><testcase classname="parsyfiles.tests.unittests.test_type_inspection_tools" file="parsyfiles/tests/unittests/test_type_inspection_tools.py" line="118" name="test_is_collection[typing.List[typing.List[str]]-True-True]" time="0.002128124237060547"></testcase><testcase classname="parsyfiles.tests.unittests.test_type_inspection_tools" file="parsyfiles/tests/unittests/test_type_inspection_tools.py" line="118" name="test_is_collection[typing.Set[str]-True-True]" time="0.0020155906677246094"></testcase><testcase classname="parsyfiles.tests.unittests.test_type_inspection_tools" file="parsyfiles/tests/unittests/test_type_inspection_tools.py" line="118" name="test_is_collection[typing.Tuple[int, str]-True-True]" time="0.002454042434692383"></testcase><testcase classname="parsyfiles.tests.unittests.test_type_inspection_tools" file="parsyfiles/tests/unittests/test_type_inspection_tools.py" line="118" name="test_is_collection[&lt;class &apos;test_type_inspection_tools.MyDict&apos;&gt;-True-False]" time="0.0030367374420166016"></testcase><testcase classname="parsyfiles.tests.unittests.test_type_inspection_tools" file="parsyfiles/tests/unittests/test_type_inspection_tools.py" line="118" name="test_is_collection[&lt;class &apos;test_type_inspection_tools.MyDict&apos;&gt;-False-True]" time="0.002736806869506836"></testcase><testcase classname="parsyfiles.tests.unittests.test_type_inspection_tools" file="parsyfiles/tests/unittests/test_type_inspection_tools.py" line="118" name="test_is_collection[test_type_inspection_tools.MyDict2-True-False]" time="0.003568410873413086"></testcase><testcase classname="parsyfiles.tests.unittests.test_type_inspection_tools" file="parsyfiles/tests/unittests/test_type_inspection_tools.py" line="118" name="test_is_collection[test_type_inspection_tools.MyDict2-False-True]" time="0.0026090145111083984"></testcase><testcase classname="parsyfiles.tests.unittests.test_type_inspection_tools" file="parsyfiles/tests/unittests/test_type_inspection_tools.py" line="118" name="test_is_collection[test_type_inspection_tools.MyDict3-True-False]" time="0.0019600391387939453"></testcase><testcase classname="parsyfiles.tests.unittests.test_type_inspection_tools" file="parsyfiles/tests/unittests/test_type_inspection_tools.py" line="118" name="test_is_collection[test_type_inspection_tools.MyDict3-False-True]" time="0.0024924278259277344"></testcase><testcase classname="parsyfiles.tests.unittests.test_type_inspection_tools" file="parsyfiles/tests/unittests/test_type_inspection_tools.py" line="118" name="test_is_collection[test_type_inspection_tools.MyDict4-True-False]" time="0.002549409866333008"></testcase><testcase classname="parsyfiles.tests.unittests.test_type_inspection_tools" file="parsyfiles/tests/unittests/test_type_inspection_tools.py" line="118" name="test_is_collection[test_type_inspection_tools.MyDict4-False-True]" time="0.0029060840606689453"></testcase><testcase classname="parsyfiles.tests.unittests.test_type_inspection_tools" file="parsyfiles/tests/unittests/test_type_inspection_tools.py" line="118" name="test_is_collection[typing.Any-False-False]" time="0.0020787715911865234"></testcase><testcase classname="parsyfiles.tests.unittests.test_type_inspection_tools" file="parsyfiles/tests/unittests/test_type_inspection_tools.py" line="118" name="test_is_collection[typing.Union-False-False]" time="0.0028874874114990234"></testcase><testcase classname="parsyfiles.tests.unittests.test_type_inspection_tools" file="parsyfiles/tests/unittests/test_type_inspection_tools.py" line="118" name="test_is_collection[typing.Union[typing.Any, NoneType]-False-False]" time="0.0021131038665771484"></testcase><testcase classname="parsyfiles.tests.unittests.test_type_inspection_tools" file="parsyfiles/tests/unittests/test_type_inspection_tools.py" line="133" name="test__extract_collection_base_type[typing.Dict[str, int]-(&lt;class &apos;int&apos;&gt;, &lt;class &apos;str&apos;&gt;)]" time="0.0021004676818847656"></testcase><testcase classname="parsyfiles.tests.unittests.test_type_inspection_tools" file="parsyfiles/tests/unittests/test_type_inspection_tools.py" line="133" name="test__extract_collection_base_type[typing.Set[int]-(&lt;class &apos;int&apos;&gt;, None)]" time="0.002778291702270508"></testcase><testcase classname="parsyfiles.tests.unittests.test_type_inspection_tools" file="parsyfiles/tests/unittests/test_type_inspection_tools.py" line="133" name="test__extract_collection_base_type[typing.List[int]-(&lt;class &apos;int&apos;&gt;, None)]" time="0.0025670528411865234"></testcase><testcase classname="parsyfiles.tests.unittests.test_type_inspection_tools" file="parsyfiles/tests/unittests/test_type_inspection_tools.py" line="133" name="test__extract_collection_base_type[typing.Tuple[int, str]-((&lt;class &apos;int&apos;&gt;, &lt;class &apos;str&apos;&gt;), None)]" time="0.0017800331115722656"></testcase><testcase classname="parsyfiles.tests.unittests.test_type_inspection_tools" file="parsyfiles/tests/unittests/test_type_inspection_tools.py" line="133" name="test__extract_collection_base_type[typing.Dict[str, typing.Tuple[int, str]]-(typing.Tuple[int, str], &lt;class &apos;str&apos;&gt;)]" time="0.0018994808197021484"></testcase><testcase classname="parsyfiles.tests.unittests.test_type_inspection_tools" file="parsyfiles/tests/unittests/test_type_inspection_tools.py" line="133" name="test__extract_collection_base_type[typing.Tuple[typing.Dict[str, int], typing.List[int], typing.Set[int], typing.Tuple[str, int, str]]-((typing.Dict[str, int], typing.List[int], typing.Set[int], typing.Tuple[str, int, str]), None)]" time="0.003403186798095703"></testcase></testsuite>